rsem-parse-alignments /students/2023-2024/Thema11/ltstein_snakemake/materials/RSEM_output/RSEMref /students/2023-2024/Thema11/ltstein_snakemake/materials/RSEM_output/RSEM_expressions/Quant.temp/Quant /students/2023-2024/Thema11/ltstein_snakemake/materials/RSEM_output/RSEM_expressions/Quant.stat/Quant /students/2023-2024/Thema11/ltstein_snakemake/materials/mappingthereads/Aligned.toTranscriptome.out.bam 3 -tag XM
Done!

rsem-build-read-index 32 1 0 /students/2023-2024/Thema11/ltstein_snakemake/materials/RSEM_output/RSEM_expressions/Quant.temp/Quant_alignable_1.fq /students/2023-2024/Thema11/ltstein_snakemake/materials/RSEM_output/RSEM_expressions/Quant.temp/Quant_alignable_2.fq
Build Index /students/2023-2024/Thema11/ltstein_snakemake/materials/RSEM_output/RSEM_expressions/Quant.temp/Quant_alignable_1.fq is Done!
Build Index /students/2023-2024/Thema11/ltstein_snakemake/materials/RSEM_output/RSEM_expressions/Quant.temp/Quant_alignable_2.fq is Done!

rsem-run-em /students/2023-2024/Thema11/ltstein_snakemake/materials/RSEM_output/RSEMref 3 /students/2023-2024/Thema11/ltstein_snakemake/materials/RSEM_output/RSEM_expressions/Quant /students/2023-2024/Thema11/ltstein_snakemake/materials/RSEM_output/RSEM_expressions/Quant.temp/Quant /students/2023-2024/Thema11/ltstein_snakemake/materials/RSEM_output/RSEM_expressions/Quant.stat/Quant -p 40
Refs.loadRefs finished!
Thread 0 : N = 10, NHit = 31
Thread 1 : N = 6, NHit = 29
Thread 2 : N = 11, NHit = 37
Thread 3 : N = 5, NHit = 31
Thread 4 : N = 9, NHit = 30
Thread 5 : N = 5, NHit = 29
Thread 6 : N = 10, NHit = 34
Thread 7 : N = 6, NHit = 35
Thread 8 : N = 11, NHit = 37
Thread 9 : N = 5, NHit = 33
Thread 10 : N = 9, NHit = 30
Thread 11 : N = 7, NHit = 33
Thread 12 : N = 10, NHit = 29
Thread 13 : N = 9, NHit = 29
Thread 14 : N = 6, NHit = 29
Thread 15 : N = 13, NHit = 31
Thread 16 : N = 6, NHit = 31
Thread 17 : N = 10, NHit = 33
Thread 18 : N = 6, NHit = 30
Thread 19 : N = 9, NHit = 32
Thread 20 : N = 10, NHit = 30
Thread 21 : N = 6, NHit = 31
Thread 22 : N = 8, NHit = 31
Thread 23 : N = 9, NHit = 31
Thread 24 : N = 7, NHit = 29
Thread 25 : N = 11, NHit = 31
Thread 26 : N = 8, NHit = 30
Thread 27 : N = 12, NHit = 31
Thread 28 : N = 10, NHit = 31
Thread 29 : N = 12, NHit = 29
Thread 30 : N = 7, NHit = 30
Thread 31 : N = 10, NHit = 32
Thread 32 : N = 10, NHit = 29
Thread 33 : N = 10, NHit = 31
Thread 34 : N = 10, NHit = 30
Thread 35 : N = 8, NHit = 29
Thread 36 : N = 6, NHit = 29
Thread 37 : N = 5, NHit = 6
Thread 38 : N = 1, NHit = 9
Thread 39 : N = 1, NHit = 1
EM_init finished!
estimateFromReads, N1 finished.
ROUND = 1, SUM = 324, bChange = 605.543, totNum = 196520
ROUND = 2, SUM = 324, bChange = 0.0082857, totNum = 4
ROUND = 3, SUM = 324, bChange = 0.00825107, totNum = 4
ROUND = 4, SUM = 324, bChange = 0.00821643, totNum = 4
ROUND = 5, SUM = 324, bChange = 0.00818177, totNum = 4
ROUND = 6, SUM = 324, bChange = 0.0081471, totNum = 4
ROUND = 7, SUM = 324, bChange = 0.00811242, totNum = 4
ROUND = 8, SUM = 324, bChange = 0.00809763, totNum = 4
ROUND = 9, SUM = 324, bChange = 0.00813178, totNum = 4
ROUND = 10, SUM = 324, bChange = 0.00816593, totNum = 4
ROUND = 11, SUM = 324, bChange = 0.00820008, totNum = 4
ROUND = 12, SUM = 324, bChange = 0.00823424, totNum = 4
ROUND = 13, SUM = 324, bChange = 0.0082684, totNum = 4
ROUND = 14, SUM = 324, bChange = 0.00830257, totNum = 4
ROUND = 15, SUM = 324, bChange = 0.00833673, totNum = 4
ROUND = 16, SUM = 324, bChange = 0.00837089, totNum = 4
ROUND = 17, SUM = 324, bChange = 0.00840505, totNum = 3
ROUND = 18, SUM = 324, bChange = 0.00843921, totNum = 3
ROUND = 19, SUM = 324, bChange = 0.00847335, totNum = 3
ROUND = 20, SUM = 324, bChange = 0.0085075, totNum = 3
ROUND = 21, SUM = 324, bChange = 0.00854163, totNum = 3
ROUND = 22, SUM = 324, bChange = 0.00857576, totNum = 3
ROUND = 23, SUM = 324, bChange = 0.00860987, totNum = 3
ROUND = 24, SUM = 324, bChange = 0.00864397, totNum = 3
ROUND = 25, SUM = 324, bChange = 0.00867806, totNum = 3
ROUND = 26, SUM = 324, bChange = 0.00871213, totNum = 3
ROUND = 27, SUM = 324, bChange = 0.00874618, totNum = 3
ROUND = 28, SUM = 324, bChange = 0.00878022, totNum = 3
ROUND = 29, SUM = 324, bChange = 0.00881424, totNum = 3
ROUND = 30, SUM = 324, bChange = 0.00884823, totNum = 3
ROUND = 31, SUM = 324, bChange = 0.0088822, totNum = 3
ROUND = 32, SUM = 324, bChange = 0.00891615, totNum = 3
ROUND = 33, SUM = 324, bChange = 0.00895008, totNum = 3
ROUND = 34, SUM = 324, bChange = 0.00898398, totNum = 3
ROUND = 35, SUM = 324, bChange = 0.00901785, totNum = 3
ROUND = 36, SUM = 324, bChange = 0.00905169, totNum = 3
ROUND = 37, SUM = 324, bChange = 0.0090855, totNum = 3
ROUND = 38, SUM = 324, bChange = 0.00911927, totNum = 3
ROUND = 39, SUM = 324, bChange = 0.00915302, totNum = 3
ROUND = 40, SUM = 324, bChange = 0.00918673, totNum = 3
ROUND = 41, SUM = 324, bChange = 0.0092204, totNum = 3
ROUND = 42, SUM = 324, bChange = 0.00925404, totNum = 3
ROUND = 43, SUM = 324, bChange = 0.00928764, totNum = 3
ROUND = 44, SUM = 324, bChange = 0.00932119, totNum = 3
ROUND = 45, SUM = 324, bChange = 0.00935471, totNum = 3
ROUND = 46, SUM = 324, bChange = 0.00938818, totNum = 3
ROUND = 47, SUM = 324, bChange = 0.00942161, totNum = 3
ROUND = 48, SUM = 324, bChange = 0.009455, totNum = 3
ROUND = 49, SUM = 324, bChange = 0.00948834, totNum = 3
ROUND = 50, SUM = 324, bChange = 0.00952163, totNum = 3
ROUND = 51, SUM = 324, bChange = 0.00955487, totNum = 3
ROUND = 52, SUM = 324, bChange = 0.00958806, totNum = 3
ROUND = 53, SUM = 324, bChange = 0.00962119, totNum = 3
ROUND = 54, SUM = 324, bChange = 0.00965428, totNum = 3
ROUND = 55, SUM = 324, bChange = 0.00968731, totNum = 3
ROUND = 56, SUM = 324, bChange = 0.00972029, totNum = 3
ROUND = 57, SUM = 324, bChange = 0.00975321, totNum = 3
ROUND = 58, SUM = 324, bChange = 0.00978607, totNum = 3
ROUND = 59, SUM = 324, bChange = 0.00981887, totNum = 3
ROUND = 60, SUM = 324, bChange = 0.00985161, totNum = 3
ROUND = 61, SUM = 324, bChange = 0.00988429, totNum = 3
ROUND = 62, SUM = 324, bChange = 0.00991691, totNum = 3
ROUND = 63, SUM = 324, bChange = 0.00994946, totNum = 3
ROUND = 64, SUM = 324, bChange = 0.00998195, totNum = 3
ROUND = 65, SUM = 324, bChange = 0.0100144, totNum = 3
ROUND = 66, SUM = 324, bChange = 0.0100467, totNum = 3
ROUND = 67, SUM = 324, bChange = 0.010079, totNum = 3
ROUND = 68, SUM = 324, bChange = 0.0101112, totNum = 3
ROUND = 69, SUM = 324, bChange = 0.0101434, totNum = 3
ROUND = 70, SUM = 324, bChange = 0.0101754, totNum = 3
ROUND = 71, SUM = 324, bChange = 0.0102075, totNum = 3
ROUND = 72, SUM = 324, bChange = 0.0102394, totNum = 3
ROUND = 73, SUM = 324, bChange = 0.0102712, totNum = 3
ROUND = 74, SUM = 324, bChange = 0.010303, totNum = 3
ROUND = 75, SUM = 324, bChange = 0.0103347, totNum = 3
ROUND = 76, SUM = 324, bChange = 0.0103663, totNum = 4
ROUND = 77, SUM = 324, bChange = 0.0103979, totNum = 4
ROUND = 78, SUM = 324, bChange = 0.0104293, totNum = 4
ROUND = 79, SUM = 324, bChange = 0.0104607, totNum = 4
ROUND = 80, SUM = 324, bChange = 0.010492, totNum = 4
ROUND = 81, SUM = 324, bChange = 0.0105232, totNum = 4
ROUND = 82, SUM = 324, bChange = 0.0105544, totNum = 4
ROUND = 83, SUM = 324, bChange = 0.0105854, totNum = 4
ROUND = 84, SUM = 324, bChange = 0.0106164, totNum = 4
ROUND = 85, SUM = 324, bChange = 0.0106472, totNum = 4
ROUND = 86, SUM = 324, bChange = 0.010678, totNum = 4
ROUND = 87, SUM = 324, bChange = 0.0107087, totNum = 4
ROUND = 88, SUM = 324, bChange = 0.0107393, totNum = 4
ROUND = 89, SUM = 324, bChange = 0.0107698, totNum = 4
ROUND = 90, SUM = 324, bChange = 0.0108003, totNum = 4
ROUND = 91, SUM = 324, bChange = 0.0108306, totNum = 4
ROUND = 92, SUM = 324, bChange = 0.0108608, totNum = 4
ROUND = 93, SUM = 324, bChange = 0.010891, totNum = 4
ROUND = 94, SUM = 324, bChange = 0.010921, totNum = 4
ROUND = 95, SUM = 324, bChange = 0.010951, totNum = 4
ROUND = 96, SUM = 324, bChange = 0.0109808, totNum = 4
ROUND = 97, SUM = 324, bChange = 0.0110106, totNum = 4
ROUND = 98, SUM = 324, bChange = 0.0110403, totNum = 4
ROUND = 99, SUM = 324, bChange = 0.0110698, totNum = 4
ROUND = 100, SUM = 324, bChange = 0.0110993, totNum = 4
ROUND = 101, SUM = 324, bChange = 0.0111287, totNum = 4
ROUND = 102, SUM = 324, bChange = 0.0111579, totNum = 4
ROUND = 103, SUM = 324, bChange = 0.0111871, totNum = 4
ROUND = 104, SUM = 324, bChange = 0.0112162, totNum = 4
ROUND = 105, SUM = 324, bChange = 0.0112451, totNum = 4
ROUND = 106, SUM = 324, bChange = 0.011274, totNum = 4
ROUND = 107, SUM = 324, bChange = 0.0113027, totNum = 4
ROUND = 108, SUM = 324, bChange = 0.0113314, totNum = 4
ROUND = 109, SUM = 324, bChange = 0.0113599, totNum = 4
ROUND = 110, SUM = 324, bChange = 0.0113884, totNum = 4
ROUND = 111, SUM = 324, bChange = 0.0114167, totNum = 4
ROUND = 112, SUM = 324, bChange = 0.0114449, totNum = 4
ROUND = 113, SUM = 324, bChange = 0.0114731, totNum = 4
ROUND = 114, SUM = 324, bChange = 0.0115011, totNum = 4
ROUND = 115, SUM = 324, bChange = 0.011529, totNum = 4
ROUND = 116, SUM = 324, bChange = 0.0115568, totNum = 4
ROUND = 117, SUM = 324, bChange = 0.0115845, totNum = 4
ROUND = 118, SUM = 324, bChange = 0.011612, totNum = 4
ROUND = 119, SUM = 324, bChange = 0.0116395, totNum = 4
ROUND = 120, SUM = 324, bChange = 0.0116669, totNum = 4
ROUND = 121, SUM = 324, bChange = 0.0116941, totNum = 4
ROUND = 122, SUM = 324, bChange = 0.0117212, totNum = 4
ROUND = 123, SUM = 324, bChange = 0.0117483, totNum = 4
ROUND = 124, SUM = 324, bChange = 0.0117752, totNum = 4
ROUND = 125, SUM = 324, bChange = 0.011802, totNum = 4
ROUND = 126, SUM = 324, bChange = 0.0118286, totNum = 4
ROUND = 127, SUM = 324, bChange = 0.0118552, totNum = 4
ROUND = 128, SUM = 324, bChange = 0.0118817, totNum = 4
ROUND = 129, SUM = 324, bChange = 0.011908, totNum = 4
ROUND = 130, SUM = 324, bChange = 0.0119342, totNum = 4
ROUND = 131, SUM = 324, bChange = 0.0119604, totNum = 4
ROUND = 132, SUM = 324, bChange = 0.0119863, totNum = 4
ROUND = 133, SUM = 324, bChange = 0.0120122, totNum = 4
ROUND = 134, SUM = 324, bChange = 0.012038, totNum = 4
ROUND = 135, SUM = 324, bChange = 0.0120637, totNum = 4
ROUND = 136, SUM = 324, bChange = 0.0120892, totNum = 4
ROUND = 137, SUM = 324, bChange = 0.0121146, totNum = 4
ROUND = 138, SUM = 324, bChange = 0.0121399, totNum = 4
ROUND = 139, SUM = 324, bChange = 0.0121651, totNum = 4
ROUND = 140, SUM = 324, bChange = 0.0121902, totNum = 4
ROUND = 141, SUM = 324, bChange = 0.0122151, totNum = 4
ROUND = 142, SUM = 324, bChange = 0.01224, totNum = 4
ROUND = 143, SUM = 324, bChange = 0.0122647, totNum = 4
ROUND = 144, SUM = 324, bChange = 0.0122893, totNum = 4
ROUND = 145, SUM = 324, bChange = 0.0123138, totNum = 4
ROUND = 146, SUM = 324, bChange = 0.0123381, totNum = 4
ROUND = 147, SUM = 324, bChange = 0.0123624, totNum = 4
ROUND = 148, SUM = 324, bChange = 0.0123865, totNum = 4
ROUND = 149, SUM = 324, bChange = 0.0124105, totNum = 4
ROUND = 150, SUM = 324, bChange = 0.0124344, totNum = 4
ROUND = 151, SUM = 324, bChange = 0.0124582, totNum = 4
ROUND = 152, SUM = 324, bChange = 0.0124819, totNum = 4
ROUND = 153, SUM = 324, bChange = 0.0125054, totNum = 4
ROUND = 154, SUM = 324, bChange = 0.0125288, totNum = 4
ROUND = 155, SUM = 324, bChange = 0.0125521, totNum = 4
ROUND = 156, SUM = 324, bChange = 0.0125753, totNum = 4
ROUND = 157, SUM = 324, bChange = 0.0125984, totNum = 4
ROUND = 158, SUM = 324, bChange = 0.0126213, totNum = 4
ROUND = 159, SUM = 324, bChange = 0.0126442, totNum = 4
ROUND = 160, SUM = 324, bChange = 0.0126669, totNum = 4
ROUND = 161, SUM = 324, bChange = 0.0126895, totNum = 4
ROUND = 162, SUM = 324, bChange = 0.012712, totNum = 4
ROUND = 163, SUM = 324, bChange = 0.0127343, totNum = 4
ROUND = 164, SUM = 324, bChange = 0.0127566, totNum = 4
ROUND = 165, SUM = 324, bChange = 0.0127787, totNum = 4
ROUND = 166, SUM = 324, bChange = 0.0128007, totNum = 4
ROUND = 167, SUM = 324, bChange = 0.0128226, totNum = 4
ROUND = 168, SUM = 324, bChange = 0.0128444, totNum = 4
ROUND = 169, SUM = 324, bChange = 0.012866, totNum = 4
ROUND = 170, SUM = 324, bChange = 0.0128876, totNum = 4
ROUND = 171, SUM = 324, bChange = 0.012909, totNum = 4
ROUND = 172, SUM = 324, bChange = 0.0129303, totNum = 4
ROUND = 173, SUM = 324, bChange = 0.0129515, totNum = 4
ROUND = 174, SUM = 324, bChange = 0.0129725, totNum = 4
ROUND = 175, SUM = 324, bChange = 0.0129935, totNum = 4
ROUND = 176, SUM = 324, bChange = 0.0130143, totNum = 4
ROUND = 177, SUM = 324, bChange = 0.0130351, totNum = 4
ROUND = 178, SUM = 324, bChange = 0.0130557, totNum = 4
ROUND = 179, SUM = 324, bChange = 0.0130762, totNum = 4
ROUND = 180, SUM = 324, bChange = 0.0130965, totNum = 4
ROUND = 181, SUM = 324, bChange = 0.0131168, totNum = 4
ROUND = 182, SUM = 324, bChange = 0.0131369, totNum = 4
ROUND = 183, SUM = 324, bChange = 0.013157, totNum = 4
ROUND = 184, SUM = 324, bChange = 0.0131769, totNum = 4
ROUND = 185, SUM = 324, bChange = 0.0131967, totNum = 4
ROUND = 186, SUM = 324, bChange = 0.0132164, totNum = 4
ROUND = 187, SUM = 324, bChange = 0.0132359, totNum = 4
ROUND = 188, SUM = 324, bChange = 0.0132554, totNum = 4
ROUND = 189, SUM = 324, bChange = 0.0132747, totNum = 4
ROUND = 190, SUM = 324, bChange = 0.013294, totNum = 4
ROUND = 191, SUM = 324, bChange = 0.0133131, totNum = 4
ROUND = 192, SUM = 324, bChange = 0.0133321, totNum = 4
ROUND = 193, SUM = 324, bChange = 0.013351, totNum = 4
ROUND = 194, SUM = 324, bChange = 0.0133698, totNum = 4
ROUND = 195, SUM = 324, bChange = 0.0133885, totNum = 4
ROUND = 196, SUM = 324, bChange = 0.013407, totNum = 4
ROUND = 197, SUM = 324, bChange = 0.0134255, totNum = 4
ROUND = 198, SUM = 324, bChange = 0.0134438, totNum = 4
ROUND = 199, SUM = 324, bChange = 0.013462, totNum = 4
ROUND = 200, SUM = 324, bChange = 0.0134801, totNum = 4
ROUND = 201, SUM = 324, bChange = 0.0134982, totNum = 4
ROUND = 202, SUM = 324, bChange = 0.0135161, totNum = 4
ROUND = 203, SUM = 324, bChange = 0.0135338, totNum = 4
ROUND = 204, SUM = 324, bChange = 0.0135515, totNum = 4
ROUND = 205, SUM = 324, bChange = 0.0135691, totNum = 4
ROUND = 206, SUM = 324, bChange = 0.0135866, totNum = 4
ROUND = 207, SUM = 324, bChange = 0.0136039, totNum = 4
ROUND = 208, SUM = 324, bChange = 0.0136212, totNum = 4
ROUND = 209, SUM = 324, bChange = 0.0136383, totNum = 4
ROUND = 210, SUM = 324, bChange = 0.0136554, totNum = 4
ROUND = 211, SUM = 324, bChange = 0.0136723, totNum = 4
ROUND = 212, SUM = 324, bChange = 0.0136891, totNum = 4
ROUND = 213, SUM = 324, bChange = 0.0137058, totNum = 4
ROUND = 214, SUM = 324, bChange = 0.0137224, totNum = 4
ROUND = 215, SUM = 324, bChange = 0.013739, totNum = 4
ROUND = 216, SUM = 324, bChange = 0.0137554, totNum = 4
ROUND = 217, SUM = 324, bChange = 0.0137717, totNum = 4
ROUND = 218, SUM = 324, bChange = 0.0137879, totNum = 4
ROUND = 219, SUM = 324, bChange = 0.013804, totNum = 4
ROUND = 220, SUM = 324, bChange = 0.01382, totNum = 4
ROUND = 221, SUM = 324, bChange = 0.0138358, totNum = 4
ROUND = 222, SUM = 324, bChange = 0.0138516, totNum = 4
ROUND = 223, SUM = 324, bChange = 0.0138673, totNum = 4
ROUND = 224, SUM = 324, bChange = 0.0138829, totNum = 4
ROUND = 225, SUM = 324, bChange = 0.0138984, totNum = 4
ROUND = 226, SUM = 324, bChange = 0.0139138, totNum = 4
ROUND = 227, SUM = 324, bChange = 0.0139291, totNum = 4
ROUND = 228, SUM = 324, bChange = 0.0139443, totNum = 4
ROUND = 229, SUM = 324, bChange = 0.0139594, totNum = 4
ROUND = 230, SUM = 324, bChange = 0.0139743, totNum = 4
ROUND = 231, SUM = 324, bChange = 0.0139892, totNum = 4
ROUND = 232, SUM = 324, bChange = 0.014004, totNum = 4
ROUND = 233, SUM = 324, bChange = 0.0140187, totNum = 4
ROUND = 234, SUM = 324, bChange = 0.0140333, totNum = 4
ROUND = 235, SUM = 324, bChange = 0.0140478, totNum = 4
ROUND = 236, SUM = 324, bChange = 0.0140623, totNum = 4
ROUND = 237, SUM = 324, bChange = 0.0140766, totNum = 4
ROUND = 238, SUM = 324, bChange = 0.0140908, totNum = 4
ROUND = 239, SUM = 324, bChange = 0.0141049, totNum = 4
ROUND = 240, SUM = 324, bChange = 0.014119, totNum = 4
ROUND = 241, SUM = 324, bChange = 0.0141329, totNum = 4
ROUND = 242, SUM = 324, bChange = 0.0141467, totNum = 4
ROUND = 243, SUM = 324, bChange = 0.0141605, totNum = 4
ROUND = 244, SUM = 324, bChange = 0.0141742, totNum = 4
ROUND = 245, SUM = 324, bChange = 0.0141877, totNum = 4
ROUND = 246, SUM = 324, bChange = 0.0142012, totNum = 4
ROUND = 247, SUM = 324, bChange = 0.0142146, totNum = 4
ROUND = 248, SUM = 324, bChange = 0.0142279, totNum = 4
ROUND = 249, SUM = 324, bChange = 0.0142411, totNum = 4
ROUND = 250, SUM = 324, bChange = 0.0142542, totNum = 4
ROUND = 251, SUM = 324, bChange = 0.0142673, totNum = 4
ROUND = 252, SUM = 324, bChange = 0.0142802, totNum = 4
ROUND = 253, SUM = 324, bChange = 0.014293, totNum = 4
ROUND = 254, SUM = 324, bChange = 0.0143058, totNum = 4
ROUND = 255, SUM = 324, bChange = 0.0143185, totNum = 4
ROUND = 256, SUM = 324, bChange = 0.0143311, totNum = 4
ROUND = 257, SUM = 324, bChange = 0.0143436, totNum = 4
ROUND = 258, SUM = 324, bChange = 0.014356, totNum = 4
ROUND = 259, SUM = 324, bChange = 0.0143684, totNum = 4
ROUND = 260, SUM = 324, bChange = 0.0143806, totNum = 4
ROUND = 261, SUM = 324, bChange = 0.0143928, totNum = 4
ROUND = 262, SUM = 324, bChange = 0.0144049, totNum = 4
ROUND = 263, SUM = 324, bChange = 0.0144169, totNum = 4
ROUND = 264, SUM = 324, bChange = 0.0144288, totNum = 4
ROUND = 265, SUM = 324, bChange = 0.0144406, totNum = 4
ROUND = 266, SUM = 324, bChange = 0.0144524, totNum = 4
ROUND = 267, SUM = 324, bChange = 0.014464, totNum = 4
ROUND = 268, SUM = 324, bChange = 0.0144756, totNum = 4
ROUND = 269, SUM = 324, bChange = 0.0144871, totNum = 4
ROUND = 270, SUM = 324, bChange = 0.0144986, totNum = 4
ROUND = 271, SUM = 324, bChange = 0.0145099, totNum = 4
ROUND = 272, SUM = 324, bChange = 0.0145212, totNum = 4
ROUND = 273, SUM = 324, bChange = 0.0145324, totNum = 4
ROUND = 274, SUM = 324, bChange = 0.0145435, totNum = 4
ROUND = 275, SUM = 324, bChange = 0.0145545, totNum = 4
ROUND = 276, SUM = 324, bChange = 0.0145655, totNum = 4
ROUND = 277, SUM = 324, bChange = 0.0145763, totNum = 4
ROUND = 278, SUM = 324, bChange = 0.0145872, totNum = 4
ROUND = 279, SUM = 324, bChange = 0.0145979, totNum = 4
ROUND = 280, SUM = 324, bChange = 0.0146085, totNum = 4
ROUND = 281, SUM = 324, bChange = 0.0146191, totNum = 4
ROUND = 282, SUM = 324, bChange = 0.0146296, totNum = 4
ROUND = 283, SUM = 324, bChange = 0.01464, totNum = 4
ROUND = 284, SUM = 324, bChange = 0.0146504, totNum = 4
ROUND = 285, SUM = 324, bChange = 0.0146607, totNum = 4
ROUND = 286, SUM = 324, bChange = 0.0146709, totNum = 4
ROUND = 287, SUM = 324, bChange = 0.014681, totNum = 4
ROUND = 288, SUM = 324, bChange = 0.0146911, totNum = 4
ROUND = 289, SUM = 324, bChange = 0.0147011, totNum = 4
ROUND = 290, SUM = 324, bChange = 0.014711, totNum = 4
ROUND = 291, SUM = 324, bChange = 0.0147208, totNum = 4
ROUND = 292, SUM = 324, bChange = 0.0147306, totNum = 4
ROUND = 293, SUM = 324, bChange = 0.0147403, totNum = 4
ROUND = 294, SUM = 324, bChange = 0.01475, totNum = 4
ROUND = 295, SUM = 324, bChange = 0.0147595, totNum = 4
ROUND = 296, SUM = 324, bChange = 0.0147691, totNum = 4
ROUND = 297, SUM = 324, bChange = 0.0147785, totNum = 4
ROUND = 298, SUM = 324, bChange = 0.0147879, totNum = 4
ROUND = 299, SUM = 324, bChange = 0.0147972, totNum = 4
ROUND = 300, SUM = 324, bChange = 0.0148064, totNum = 4
ROUND = 301, SUM = 324, bChange = 0.0148156, totNum = 4
ROUND = 302, SUM = 324, bChange = 0.0148247, totNum = 4
ROUND = 303, SUM = 324, bChange = 0.0148337, totNum = 4
ROUND = 304, SUM = 324, bChange = 0.0148427, totNum = 4
ROUND = 305, SUM = 324, bChange = 0.0148516, totNum = 4
ROUND = 306, SUM = 324, bChange = 0.0148604, totNum = 4
ROUND = 307, SUM = 324, bChange = 0.0148692, totNum = 4
ROUND = 308, SUM = 324, bChange = 0.0148779, totNum = 4
ROUND = 309, SUM = 324, bChange = 0.0148865, totNum = 4
ROUND = 310, SUM = 324, bChange = 0.0148951, totNum = 4
ROUND = 311, SUM = 324, bChange = 0.0149037, totNum = 4
ROUND = 312, SUM = 324, bChange = 0.0149121, totNum = 4
ROUND = 313, SUM = 324, bChange = 0.0149205, totNum = 4
ROUND = 314, SUM = 324, bChange = 0.0149289, totNum = 4
ROUND = 315, SUM = 324, bChange = 0.0149371, totNum = 4
ROUND = 316, SUM = 324, bChange = 0.0149454, totNum = 4
ROUND = 317, SUM = 324, bChange = 0.0149535, totNum = 4
ROUND = 318, SUM = 324, bChange = 0.0149616, totNum = 4
ROUND = 319, SUM = 324, bChange = 0.0149697, totNum = 4
ROUND = 320, SUM = 324, bChange = 0.0149776, totNum = 4
ROUND = 321, SUM = 324, bChange = 0.0149856, totNum = 4
ROUND = 322, SUM = 324, bChange = 0.0149934, totNum = 4
ROUND = 323, SUM = 324, bChange = 0.0150012, totNum = 4
ROUND = 324, SUM = 324, bChange = 0.015009, totNum = 4
ROUND = 325, SUM = 324, bChange = 0.0150167, totNum = 4
ROUND = 326, SUM = 324, bChange = 0.0150243, totNum = 4
ROUND = 327, SUM = 324, bChange = 0.0150319, totNum = 4
ROUND = 328, SUM = 324, bChange = 0.0150394, totNum = 4
ROUND = 329, SUM = 324, bChange = 0.0150469, totNum = 4
ROUND = 330, SUM = 324, bChange = 0.0150543, totNum = 4
ROUND = 331, SUM = 324, bChange = 0.0150617, totNum = 4
ROUND = 332, SUM = 324, bChange = 0.015069, totNum = 3
ROUND = 333, SUM = 324, bChange = 0.0150763, totNum = 3
ROUND = 334, SUM = 324, bChange = 0.0150835, totNum = 3
ROUND = 335, SUM = 324, bChange = 0.0150906, totNum = 3
ROUND = 336, SUM = 324, bChange = 0.0150977, totNum = 3
ROUND = 337, SUM = 324, bChange = 0.0151047, totNum = 3
ROUND = 338, SUM = 324, bChange = 0.0151117, totNum = 3
ROUND = 339, SUM = 324, bChange = 0.0151187, totNum = 3
ROUND = 340, SUM = 324, bChange = 0.0151256, totNum = 3
ROUND = 341, SUM = 324, bChange = 0.0151324, totNum = 3
ROUND = 342, SUM = 324, bChange = 0.0151392, totNum = 3
ROUND = 343, SUM = 324, bChange = 0.0151459, totNum = 3
ROUND = 344, SUM = 324, bChange = 0.0151526, totNum = 3
ROUND = 345, SUM = 324, bChange = 0.0151593, totNum = 3
ROUND = 346, SUM = 324, bChange = 0.0151658, totNum = 3
ROUND = 347, SUM = 324, bChange = 0.0151724, totNum = 3
ROUND = 348, SUM = 324, bChange = 0.0151789, totNum = 3
ROUND = 349, SUM = 324, bChange = 0.0151853, totNum = 3
ROUND = 350, SUM = 324, bChange = 0.0151917, totNum = 3
ROUND = 351, SUM = 324, bChange = 0.0151981, totNum = 3
ROUND = 352, SUM = 324, bChange = 0.0152044, totNum = 3
ROUND = 353, SUM = 324, bChange = 0.0152106, totNum = 3
ROUND = 354, SUM = 324, bChange = 0.0152168, totNum = 3
ROUND = 355, SUM = 324, bChange = 0.015223, totNum = 3
ROUND = 356, SUM = 324, bChange = 0.0152291, totNum = 3
ROUND = 357, SUM = 324, bChange = 0.0152352, totNum = 3
ROUND = 358, SUM = 324, bChange = 0.0152412, totNum = 3
ROUND = 359, SUM = 324, bChange = 0.0152472, totNum = 3
ROUND = 360, SUM = 324, bChange = 0.0152531, totNum = 3
ROUND = 361, SUM = 324, bChange = 0.015259, totNum = 3
ROUND = 362, SUM = 324, bChange = 0.0152649, totNum = 3
ROUND = 363, SUM = 324, bChange = 0.0152707, totNum = 3
ROUND = 364, SUM = 324, bChange = 0.0152764, totNum = 3
ROUND = 365, SUM = 324, bChange = 0.0152821, totNum = 3
ROUND = 366, SUM = 324, bChange = 0.0152878, totNum = 3
ROUND = 367, SUM = 324, bChange = 0.0152935, totNum = 3
ROUND = 368, SUM = 324, bChange = 0.015299, totNum = 3
ROUND = 369, SUM = 324, bChange = 0.0153046, totNum = 3
ROUND = 370, SUM = 324, bChange = 0.0153101, totNum = 3
ROUND = 371, SUM = 324, bChange = 0.0153156, totNum = 3
ROUND = 372, SUM = 324, bChange = 0.015321, totNum = 3
ROUND = 373, SUM = 324, bChange = 0.0153264, totNum = 3
ROUND = 374, SUM = 324, bChange = 0.0153317, totNum = 3
ROUND = 375, SUM = 324, bChange = 0.015337, totNum = 3
ROUND = 376, SUM = 324, bChange = 0.0153423, totNum = 3
ROUND = 377, SUM = 324, bChange = 0.0153475, totNum = 3
ROUND = 378, SUM = 324, bChange = 0.0153527, totNum = 3
ROUND = 379, SUM = 324, bChange = 0.0153579, totNum = 3
ROUND = 380, SUM = 324, bChange = 0.015363, totNum = 3
ROUND = 381, SUM = 324, bChange = 0.0153681, totNum = 3
ROUND = 382, SUM = 324, bChange = 0.0153731, totNum = 3
ROUND = 383, SUM = 324, bChange = 0.0153781, totNum = 3
ROUND = 384, SUM = 324, bChange = 0.0153831, totNum = 3
ROUND = 385, SUM = 324, bChange = 0.015388, totNum = 3
ROUND = 386, SUM = 324, bChange = 0.0153929, totNum = 3
ROUND = 387, SUM = 324, bChange = 0.0153977, totNum = 3
ROUND = 388, SUM = 324, bChange = 0.0154025, totNum = 3
ROUND = 389, SUM = 324, bChange = 0.0154073, totNum = 3
ROUND = 390, SUM = 324, bChange = 0.015412, totNum = 3
ROUND = 391, SUM = 324, bChange = 0.0154167, totNum = 3
ROUND = 392, SUM = 324, bChange = 0.0154214, totNum = 3
ROUND = 393, SUM = 324, bChange = 0.0154261, totNum = 3
ROUND = 394, SUM = 324, bChange = 0.0154307, totNum = 3
ROUND = 395, SUM = 324, bChange = 0.0154352, totNum = 3
ROUND = 396, SUM = 324, bChange = 0.0154398, totNum = 3
ROUND = 397, SUM = 324, bChange = 0.0154442, totNum = 3
ROUND = 398, SUM = 324, bChange = 0.0154487, totNum = 3
ROUND = 399, SUM = 324, bChange = 0.0154531, totNum = 3
ROUND = 400, SUM = 324, bChange = 0.0154575, totNum = 3
ROUND = 401, SUM = 324, bChange = 0.0154619, totNum = 3
ROUND = 402, SUM = 324, bChange = 0.0154662, totNum = 3
ROUND = 403, SUM = 324, bChange = 0.0154705, totNum = 3
ROUND = 404, SUM = 324, bChange = 0.0154748, totNum = 3
ROUND = 405, SUM = 324, bChange = 0.015479, totNum = 3
ROUND = 406, SUM = 324, bChange = 0.0154832, totNum = 3
ROUND = 407, SUM = 324, bChange = 0.0154874, totNum = 3
ROUND = 408, SUM = 324, bChange = 0.0154916, totNum = 3
ROUND = 409, SUM = 324, bChange = 0.0154957, totNum = 3
ROUND = 410, SUM = 324, bChange = 0.0154997, totNum = 3
ROUND = 411, SUM = 324, bChange = 0.0155038, totNum = 3
ROUND = 412, SUM = 324, bChange = 0.0155078, totNum = 3
ROUND = 413, SUM = 324, bChange = 0.0155118, totNum = 3
ROUND = 414, SUM = 324, bChange = 0.0155158, totNum = 3
ROUND = 415, SUM = 324, bChange = 0.0155197, totNum = 3
ROUND = 416, SUM = 324, bChange = 0.0155236, totNum = 3
ROUND = 417, SUM = 324, bChange = 0.0155274, totNum = 3
ROUND = 418, SUM = 324, bChange = 0.0155313, totNum = 3
ROUND = 419, SUM = 324, bChange = 0.0155351, totNum = 3
ROUND = 420, SUM = 324, bChange = 0.0155389, totNum = 3
ROUND = 421, SUM = 324, bChange = 0.0155426, totNum = 3
ROUND = 422, SUM = 324, bChange = 0.0155464, totNum = 3
ROUND = 423, SUM = 324, bChange = 0.0155501, totNum = 3
ROUND = 424, SUM = 324, bChange = 0.0155537, totNum = 3
ROUND = 425, SUM = 324, bChange = 0.0155574, totNum = 3
ROUND = 426, SUM = 324, bChange = 0.015561, totNum = 3
ROUND = 427, SUM = 324, bChange = 0.0155646, totNum = 3
ROUND = 428, SUM = 324, bChange = 0.0155681, totNum = 3
ROUND = 429, SUM = 324, bChange = 0.0155717, totNum = 3
ROUND = 430, SUM = 324, bChange = 0.0155752, totNum = 3
ROUND = 431, SUM = 324, bChange = 0.0155787, totNum = 3
ROUND = 432, SUM = 324, bChange = 0.0155821, totNum = 3
ROUND = 433, SUM = 324, bChange = 0.0155855, totNum = 3
ROUND = 434, SUM = 324, bChange = 0.0155889, totNum = 3
ROUND = 435, SUM = 324, bChange = 0.0155923, totNum = 3
ROUND = 436, SUM = 324, bChange = 0.0155957, totNum = 3
ROUND = 437, SUM = 324, bChange = 0.015599, totNum = 3
ROUND = 438, SUM = 324, bChange = 0.0156023, totNum = 3
ROUND = 439, SUM = 324, bChange = 0.0156056, totNum = 3
ROUND = 440, SUM = 324, bChange = 0.0156088, totNum = 3
ROUND = 441, SUM = 324, bChange = 0.0156121, totNum = 3
ROUND = 442, SUM = 324, bChange = 0.0156153, totNum = 3
ROUND = 443, SUM = 324, bChange = 0.0156184, totNum = 3
ROUND = 444, SUM = 324, bChange = 0.0156216, totNum = 3
ROUND = 445, SUM = 324, bChange = 0.0156247, totNum = 3
ROUND = 446, SUM = 324, bChange = 0.0156278, totNum = 3
ROUND = 447, SUM = 324, bChange = 0.0156309, totNum = 3
ROUND = 448, SUM = 324, bChange = 0.015634, totNum = 3
ROUND = 449, SUM = 324, bChange = 0.015637, totNum = 3
ROUND = 450, SUM = 324, bChange = 0.01564, totNum = 3
ROUND = 451, SUM = 324, bChange = 0.015643, totNum = 3
ROUND = 452, SUM = 324, bChange = 0.015646, totNum = 3
ROUND = 453, SUM = 324, bChange = 0.015649, totNum = 3
ROUND = 454, SUM = 324, bChange = 0.0156519, totNum = 3
ROUND = 455, SUM = 324, bChange = 0.0156548, totNum = 3
ROUND = 456, SUM = 324, bChange = 0.0156577, totNum = 3
ROUND = 457, SUM = 324, bChange = 0.0156605, totNum = 3
ROUND = 458, SUM = 324, bChange = 0.0156634, totNum = 3
ROUND = 459, SUM = 324, bChange = 0.0156662, totNum = 3
ROUND = 460, SUM = 324, bChange = 0.015669, totNum = 3
ROUND = 461, SUM = 324, bChange = 0.0156718, totNum = 3
ROUND = 462, SUM = 324, bChange = 0.0156745, totNum = 3
ROUND = 463, SUM = 324, bChange = 0.0156773, totNum = 3
ROUND = 464, SUM = 324, bChange = 0.01568, totNum = 3
ROUND = 465, SUM = 324, bChange = 0.0156827, totNum = 3
ROUND = 466, SUM = 324, bChange = 0.0156853, totNum = 3
ROUND = 467, SUM = 324, bChange = 0.015688, totNum = 3
ROUND = 468, SUM = 324, bChange = 0.0156906, totNum = 3
ROUND = 469, SUM = 324, bChange = 0.0156932, totNum = 3
ROUND = 470, SUM = 324, bChange = 0.0156958, totNum = 3
ROUND = 471, SUM = 324, bChange = 0.0156984, totNum = 3
ROUND = 472, SUM = 324, bChange = 0.015701, totNum = 3
ROUND = 473, SUM = 324, bChange = 0.0157035, totNum = 3
ROUND = 474, SUM = 324, bChange = 0.015706, totNum = 3
ROUND = 475, SUM = 324, bChange = 0.0157085, totNum = 3
ROUND = 476, SUM = 324, bChange = 0.015711, totNum = 3
ROUND = 477, SUM = 324, bChange = 0.0157135, totNum = 3
ROUND = 478, SUM = 324, bChange = 0.0157159, totNum = 3
ROUND = 479, SUM = 324, bChange = 0.0157183, totNum = 3
ROUND = 480, SUM = 324, bChange = 0.0157207, totNum = 3
ROUND = 481, SUM = 324, bChange = 0.0157231, totNum = 3
ROUND = 482, SUM = 324, bChange = 0.0157255, totNum = 3
ROUND = 483, SUM = 324, bChange = 0.0157278, totNum = 3
ROUND = 484, SUM = 324, bChange = 0.0157302, totNum = 3
ROUND = 485, SUM = 324, bChange = 0.0157325, totNum = 3
ROUND = 486, SUM = 324, bChange = 0.0157348, totNum = 3
ROUND = 487, SUM = 324, bChange = 0.0157371, totNum = 3
ROUND = 488, SUM = 324, bChange = 0.0157393, totNum = 3
ROUND = 489, SUM = 324, bChange = 0.0157416, totNum = 3
ROUND = 490, SUM = 324, bChange = 0.0157438, totNum = 3
ROUND = 491, SUM = 324, bChange = 0.015746, totNum = 3
ROUND = 492, SUM = 324, bChange = 0.0157482, totNum = 3
ROUND = 493, SUM = 324, bChange = 0.0157504, totNum = 3
ROUND = 494, SUM = 324, bChange = 0.0157526, totNum = 3
ROUND = 495, SUM = 324, bChange = 0.0157547, totNum = 3
ROUND = 496, SUM = 324, bChange = 0.0157569, totNum = 3
ROUND = 497, SUM = 324, bChange = 0.015759, totNum = 3
ROUND = 498, SUM = 324, bChange = 0.0157611, totNum = 3
ROUND = 499, SUM = 324, bChange = 0.0157632, totNum = 3
ROUND = 500, SUM = 324, bChange = 0.0157652, totNum = 3
ROUND = 501, SUM = 324, bChange = 0.0157673, totNum = 3
ROUND = 502, SUM = 324, bChange = 0.0157693, totNum = 3
ROUND = 503, SUM = 324, bChange = 0.0157714, totNum = 3
ROUND = 504, SUM = 324, bChange = 0.0157734, totNum = 3
ROUND = 505, SUM = 324, bChange = 0.0157754, totNum = 3
ROUND = 506, SUM = 324, bChange = 0.0157773, totNum = 3
ROUND = 507, SUM = 324, bChange = 0.0157793, totNum = 3
ROUND = 508, SUM = 324, bChange = 0.0157813, totNum = 3
ROUND = 509, SUM = 324, bChange = 0.0157832, totNum = 3
ROUND = 510, SUM = 324, bChange = 0.0157851, totNum = 3
ROUND = 511, SUM = 324, bChange = 0.015787, totNum = 3
ROUND = 512, SUM = 324, bChange = 0.0157889, totNum = 3
ROUND = 513, SUM = 324, bChange = 0.0157908, totNum = 3
ROUND = 514, SUM = 324, bChange = 0.0157927, totNum = 3
ROUND = 515, SUM = 324, bChange = 0.0157945, totNum = 3
ROUND = 516, SUM = 324, bChange = 0.0157963, totNum = 3
ROUND = 517, SUM = 324, bChange = 0.0157982, totNum = 3
ROUND = 518, SUM = 324, bChange = 0.0158, totNum = 3
ROUND = 519, SUM = 324, bChange = 0.0158018, totNum = 3
ROUND = 520, SUM = 324, bChange = 0.0158035, totNum = 3
ROUND = 521, SUM = 324, bChange = 0.0158053, totNum = 3
ROUND = 522, SUM = 324, bChange = 0.0158071, totNum = 3
ROUND = 523, SUM = 324, bChange = 0.0158088, totNum = 3
ROUND = 524, SUM = 324, bChange = 0.0158105, totNum = 3
ROUND = 525, SUM = 324, bChange = 0.0158123, totNum = 3
ROUND = 526, SUM = 324, bChange = 0.015814, totNum = 3
ROUND = 527, SUM = 324, bChange = 0.0158156, totNum = 3
ROUND = 528, SUM = 324, bChange = 0.0158173, totNum = 3
ROUND = 529, SUM = 324, bChange = 0.015819, totNum = 3
ROUND = 530, SUM = 324, bChange = 0.0158206, totNum = 3
ROUND = 531, SUM = 324, bChange = 0.0158223, totNum = 3
ROUND = 532, SUM = 324, bChange = 0.0158239, totNum = 3
ROUND = 533, SUM = 324, bChange = 0.0158255, totNum = 3
ROUND = 534, SUM = 324, bChange = 0.0158271, totNum = 3
ROUND = 535, SUM = 324, bChange = 0.0158287, totNum = 3
ROUND = 536, SUM = 324, bChange = 0.0158303, totNum = 3
ROUND = 537, SUM = 324, bChange = 0.0158319, totNum = 3
ROUND = 538, SUM = 324, bChange = 0.0158334, totNum = 3
ROUND = 539, SUM = 324, bChange = 0.015835, totNum = 3
ROUND = 540, SUM = 324, bChange = 0.0158365, totNum = 3
ROUND = 541, SUM = 324, bChange = 0.015838, totNum = 3
ROUND = 542, SUM = 324, bChange = 0.0158395, totNum = 3
ROUND = 543, SUM = 324, bChange = 0.015841, totNum = 3
ROUND = 544, SUM = 324, bChange = 0.0158425, totNum = 3
ROUND = 545, SUM = 324, bChange = 0.015844, totNum = 3
ROUND = 546, SUM = 324, bChange = 0.0158455, totNum = 3
ROUND = 547, SUM = 324, bChange = 0.0158469, totNum = 3
ROUND = 548, SUM = 324, bChange = 0.0158484, totNum = 3
ROUND = 549, SUM = 324, bChange = 0.0158498, totNum = 3
ROUND = 550, SUM = 324, bChange = 0.0158512, totNum = 3
ROUND = 551, SUM = 324, bChange = 0.0158527, totNum = 3
ROUND = 552, SUM = 324, bChange = 0.0158541, totNum = 3
ROUND = 553, SUM = 324, bChange = 0.0158554, totNum = 3
ROUND = 554, SUM = 324, bChange = 0.0158568, totNum = 3
ROUND = 555, SUM = 324, bChange = 0.0158582, totNum = 3
ROUND = 556, SUM = 324, bChange = 0.0158596, totNum = 3
ROUND = 557, SUM = 324, bChange = 0.0158609, totNum = 3
ROUND = 558, SUM = 324, bChange = 0.0158623, totNum = 3
ROUND = 559, SUM = 324, bChange = 0.0158636, totNum = 3
ROUND = 560, SUM = 324, bChange = 0.0158649, totNum = 3
ROUND = 561, SUM = 324, bChange = 0.0158662, totNum = 3
ROUND = 562, SUM = 324, bChange = 0.0158675, totNum = 3
ROUND = 563, SUM = 324, bChange = 0.0158688, totNum = 3
ROUND = 564, SUM = 324, bChange = 0.0158701, totNum = 3
ROUND = 565, SUM = 324, bChange = 0.0158714, totNum = 3
ROUND = 566, SUM = 324, bChange = 0.0158726, totNum = 3
ROUND = 567, SUM = 324, bChange = 0.0158739, totNum = 3
ROUND = 568, SUM = 324, bChange = 0.0158751, totNum = 3
ROUND = 569, SUM = 324, bChange = 0.0158764, totNum = 3
ROUND = 570, SUM = 324, bChange = 0.0158776, totNum = 3
ROUND = 571, SUM = 324, bChange = 0.0158788, totNum = 3
ROUND = 572, SUM = 324, bChange = 0.01588, totNum = 3
ROUND = 573, SUM = 324, bChange = 0.0158812, totNum = 3
ROUND = 574, SUM = 324, bChange = 0.0158824, totNum = 3
ROUND = 575, SUM = 324, bChange = 0.0158836, totNum = 3
ROUND = 576, SUM = 324, bChange = 0.0158848, totNum = 3
ROUND = 577, SUM = 324, bChange = 0.0158859, totNum = 3
ROUND = 578, SUM = 324, bChange = 0.0158871, totNum = 3
ROUND = 579, SUM = 324, bChange = 0.0158882, totNum = 3
ROUND = 580, SUM = 324, bChange = 0.0158894, totNum = 3
ROUND = 581, SUM = 324, bChange = 0.0158905, totNum = 3
ROUND = 582, SUM = 324, bChange = 0.0158916, totNum = 3
ROUND = 583, SUM = 324, bChange = 0.0158927, totNum = 3
ROUND = 584, SUM = 324, bChange = 0.0158938, totNum = 3
ROUND = 585, SUM = 324, bChange = 0.0158949, totNum = 3
ROUND = 586, SUM = 324, bChange = 0.015896, totNum = 3
ROUND = 587, SUM = 324, bChange = 0.0158971, totNum = 3
ROUND = 588, SUM = 324, bChange = 0.0158982, totNum = 3
ROUND = 589, SUM = 324, bChange = 0.0158993, totNum = 3
ROUND = 590, SUM = 324, bChange = 0.0159003, totNum = 3
ROUND = 591, SUM = 324, bChange = 0.0159014, totNum = 3
ROUND = 592, SUM = 324, bChange = 0.0159024, totNum = 3
ROUND = 593, SUM = 324, bChange = 0.0159034, totNum = 3
ROUND = 594, SUM = 324, bChange = 0.0159045, totNum = 3
ROUND = 595, SUM = 324, bChange = 0.0159055, totNum = 3
ROUND = 596, SUM = 324, bChange = 0.0159065, totNum = 3
ROUND = 597, SUM = 324, bChange = 0.0159075, totNum = 3
ROUND = 598, SUM = 324, bChange = 0.0159085, totNum = 3
ROUND = 599, SUM = 324, bChange = 0.0159095, totNum = 3
ROUND = 600, SUM = 324, bChange = 0.0159105, totNum = 3
ROUND = 601, SUM = 324, bChange = 0.0159114, totNum = 3
ROUND = 602, SUM = 324, bChange = 0.0159124, totNum = 3
ROUND = 603, SUM = 324, bChange = 0.0159134, totNum = 3
ROUND = 604, SUM = 324, bChange = 0.0159143, totNum = 3
ROUND = 605, SUM = 324, bChange = 0.0159153, totNum = 3
ROUND = 606, SUM = 324, bChange = 0.0159162, totNum = 3
ROUND = 607, SUM = 324, bChange = 0.0159171, totNum = 3
ROUND = 608, SUM = 324, bChange = 0.0159181, totNum = 3
ROUND = 609, SUM = 324, bChange = 0.015919, totNum = 3
ROUND = 610, SUM = 324, bChange = 0.0159199, totNum = 3
ROUND = 611, SUM = 324, bChange = 0.0159208, totNum = 3
ROUND = 612, SUM = 324, bChange = 0.0159217, totNum = 3
ROUND = 613, SUM = 324, bChange = 0.0159226, totNum = 3
ROUND = 614, SUM = 324, bChange = 0.0159235, totNum = 3
ROUND = 615, SUM = 324, bChange = 0.0159244, totNum = 3
ROUND = 616, SUM = 324, bChange = 0.0159252, totNum = 3
ROUND = 617, SUM = 324, bChange = 0.0159261, totNum = 3
ROUND = 618, SUM = 324, bChange = 0.015927, totNum = 3
ROUND = 619, SUM = 324, bChange = 0.0159278, totNum = 3
ROUND = 620, SUM = 324, bChange = 0.0159287, totNum = 3
ROUND = 621, SUM = 324, bChange = 0.0159295, totNum = 3
ROUND = 622, SUM = 324, bChange = 0.0159303, totNum = 3
ROUND = 623, SUM = 324, bChange = 0.0159312, totNum = 3
ROUND = 624, SUM = 324, bChange = 0.015932, totNum = 3
ROUND = 625, SUM = 324, bChange = 0.0159328, totNum = 3
ROUND = 626, SUM = 324, bChange = 0.0159336, totNum = 3
ROUND = 627, SUM = 324, bChange = 0.0159344, totNum = 3
ROUND = 628, SUM = 324, bChange = 0.0159352, totNum = 3
ROUND = 629, SUM = 324, bChange = 0.015936, totNum = 3
ROUND = 630, SUM = 324, bChange = 0.0159368, totNum = 3
ROUND = 631, SUM = 324, bChange = 0.0159376, totNum = 3
ROUND = 632, SUM = 324, bChange = 0.0159384, totNum = 3
ROUND = 633, SUM = 324, bChange = 0.0159391, totNum = 3
ROUND = 634, SUM = 324, bChange = 0.0159399, totNum = 3
ROUND = 635, SUM = 324, bChange = 0.0159406, totNum = 3
ROUND = 636, SUM = 324, bChange = 0.0159414, totNum = 3
ROUND = 637, SUM = 324, bChange = 0.0159421, totNum = 3
ROUND = 638, SUM = 324, bChange = 0.0159429, totNum = 3
ROUND = 639, SUM = 324, bChange = 0.0159436, totNum = 3
ROUND = 640, SUM = 324, bChange = 0.0101257, totNum = 2
ROUND = 641, SUM = 324, bChange = 0.0101265, totNum = 2
ROUND = 642, SUM = 324, bChange = 0.0101272, totNum = 2
ROUND = 643, SUM = 324, bChange = 0.0101279, totNum = 2
ROUND = 644, SUM = 324, bChange = 0.0101286, totNum = 2
ROUND = 645, SUM = 324, bChange = 0.0101293, totNum = 2
ROUND = 646, SUM = 324, bChange = 0.01013, totNum = 2
ROUND = 647, SUM = 324, bChange = 0.0101307, totNum = 2
ROUND = 648, SUM = 324, bChange = 0.0101314, totNum = 2
ROUND = 649, SUM = 324, bChange = 0.0101321, totNum = 2
ROUND = 650, SUM = 324, bChange = 0.0101328, totNum = 2
ROUND = 651, SUM = 324, bChange = 0.0101335, totNum = 2
ROUND = 652, SUM = 324, bChange = 0.0101341, totNum = 2
ROUND = 653, SUM = 324, bChange = 0.0101348, totNum = 2
ROUND = 654, SUM = 324, bChange = 0.0101355, totNum = 2
ROUND = 655, SUM = 324, bChange = 0.0101361, totNum = 2
ROUND = 656, SUM = 324, bChange = 0.0101368, totNum = 2
ROUND = 657, SUM = 324, bChange = 0.0101374, totNum = 2
ROUND = 658, SUM = 324, bChange = 0.0101381, totNum = 2
ROUND = 659, SUM = 324, bChange = 0.0101387, totNum = 2
ROUND = 660, SUM = 324, bChange = 0.0101394, totNum = 2
ROUND = 661, SUM = 324, bChange = 0.01014, totNum = 2
ROUND = 662, SUM = 324, bChange = 0.0101406, totNum = 2
ROUND = 663, SUM = 324, bChange = 0.0101412, totNum = 2
ROUND = 664, SUM = 324, bChange = 0.0101419, totNum = 2
ROUND = 665, SUM = 324, bChange = 0.0101425, totNum = 2
ROUND = 666, SUM = 324, bChange = 0.0101431, totNum = 2
ROUND = 667, SUM = 324, bChange = 0.0101437, totNum = 2
ROUND = 668, SUM = 324, bChange = 0.0101443, totNum = 2
ROUND = 669, SUM = 324, bChange = 0.0101449, totNum = 2
ROUND = 670, SUM = 324, bChange = 0.0101455, totNum = 2
ROUND = 671, SUM = 324, bChange = 0.0101461, totNum = 2
ROUND = 672, SUM = 324, bChange = 0.0101466, totNum = 2
ROUND = 673, SUM = 324, bChange = 0.0101472, totNum = 2
ROUND = 674, SUM = 324, bChange = 0.0101478, totNum = 2
ROUND = 675, SUM = 324, bChange = 0.0101484, totNum = 2
ROUND = 676, SUM = 324, bChange = 0.0101489, totNum = 2
ROUND = 677, SUM = 324, bChange = 0.0101495, totNum = 2
ROUND = 678, SUM = 324, bChange = 0.01015, totNum = 2
ROUND = 679, SUM = 324, bChange = 0.0101506, totNum = 2
ROUND = 680, SUM = 324, bChange = 0.0101511, totNum = 2
ROUND = 681, SUM = 324, bChange = 0.0101517, totNum = 2
ROUND = 682, SUM = 324, bChange = 0.0101522, totNum = 2
ROUND = 683, SUM = 324, bChange = 0.0101528, totNum = 2
ROUND = 684, SUM = 324, bChange = 0.0101533, totNum = 2
ROUND = 685, SUM = 324, bChange = 0.0101538, totNum = 2
ROUND = 686, SUM = 324, bChange = 0.0101544, totNum = 2
ROUND = 687, SUM = 324, bChange = 0.0101549, totNum = 2
ROUND = 688, SUM = 324, bChange = 0.0101554, totNum = 2
ROUND = 689, SUM = 324, bChange = 0.0101559, totNum = 2
ROUND = 690, SUM = 324, bChange = 0.0101564, totNum = 2
ROUND = 691, SUM = 324, bChange = 0.0101569, totNum = 2
ROUND = 692, SUM = 324, bChange = 0.0101574, totNum = 2
ROUND = 693, SUM = 324, bChange = 0.0101579, totNum = 2
ROUND = 694, SUM = 324, bChange = 0.0101584, totNum = 2
ROUND = 695, SUM = 324, bChange = 0.0101589, totNum = 2
ROUND = 696, SUM = 324, bChange = 0.0101594, totNum = 2
ROUND = 697, SUM = 324, bChange = 0.0101599, totNum = 2
ROUND = 698, SUM = 324, bChange = 0.0101604, totNum = 2
ROUND = 699, SUM = 324, bChange = 0.0101608, totNum = 2
ROUND = 700, SUM = 324, bChange = 0.0101613, totNum = 2
ROUND = 701, SUM = 324, bChange = 0.0101618, totNum = 2
ROUND = 702, SUM = 324, bChange = 0.0101623, totNum = 2
ROUND = 703, SUM = 324, bChange = 0.0101627, totNum = 2
ROUND = 704, SUM = 324, bChange = 0.0101632, totNum = 2
ROUND = 705, SUM = 324, bChange = 0.0101636, totNum = 2
ROUND = 706, SUM = 324, bChange = 0.0101641, totNum = 2
ROUND = 707, SUM = 324, bChange = 0.0101645, totNum = 2
ROUND = 708, SUM = 324, bChange = 0.010165, totNum = 2
ROUND = 709, SUM = 324, bChange = 0.0101654, totNum = 2
ROUND = 710, SUM = 324, bChange = 0.0101659, totNum = 2
ROUND = 711, SUM = 324, bChange = 0.0101663, totNum = 2
ROUND = 712, SUM = 324, bChange = 0.0101668, totNum = 2
ROUND = 713, SUM = 324, bChange = 0.0101672, totNum = 2
ROUND = 714, SUM = 324, bChange = 0.0101676, totNum = 2
ROUND = 715, SUM = 324, bChange = 0.010168, totNum = 2
ROUND = 716, SUM = 324, bChange = 0.0101685, totNum = 2
ROUND = 717, SUM = 324, bChange = 0.0101689, totNum = 2
ROUND = 718, SUM = 324, bChange = 0.0101693, totNum = 2
ROUND = 719, SUM = 324, bChange = 0.0101697, totNum = 2
ROUND = 720, SUM = 324, bChange = 0.0101701, totNum = 2
ROUND = 721, SUM = 324, bChange = 0.0101705, totNum = 2
ROUND = 722, SUM = 324, bChange = 0.0101709, totNum = 2
ROUND = 723, SUM = 324, bChange = 0.0101713, totNum = 2
ROUND = 724, SUM = 324, bChange = 0.0101717, totNum = 2
ROUND = 725, SUM = 324, bChange = 0.0101721, totNum = 2
ROUND = 726, SUM = 324, bChange = 0.0101725, totNum = 2
ROUND = 727, SUM = 324, bChange = 0.0101729, totNum = 2
ROUND = 728, SUM = 324, bChange = 0.0101733, totNum = 2
ROUND = 729, SUM = 324, bChange = 0.0101737, totNum = 2
ROUND = 730, SUM = 324, bChange = 0.0101741, totNum = 2
ROUND = 731, SUM = 324, bChange = 0.0101745, totNum = 2
ROUND = 732, SUM = 324, bChange = 0.0101748, totNum = 2
ROUND = 733, SUM = 324, bChange = 0.0101752, totNum = 2
ROUND = 734, SUM = 324, bChange = 0.0101756, totNum = 2
ROUND = 735, SUM = 324, bChange = 0.0101759, totNum = 2
ROUND = 736, SUM = 324, bChange = 0.0101763, totNum = 2
ROUND = 737, SUM = 324, bChange = 0.0101767, totNum = 2
ROUND = 738, SUM = 324, bChange = 0.010177, totNum = 2
ROUND = 739, SUM = 324, bChange = 0.0101774, totNum = 2
ROUND = 740, SUM = 324, bChange = 0.0101777, totNum = 2
ROUND = 741, SUM = 324, bChange = 0.0101781, totNum = 2
ROUND = 742, SUM = 324, bChange = 0.0101784, totNum = 2
ROUND = 743, SUM = 324, bChange = 0.0101788, totNum = 2
ROUND = 744, SUM = 324, bChange = 0.0101791, totNum = 2
ROUND = 745, SUM = 324, bChange = 0.0101795, totNum = 2
ROUND = 746, SUM = 324, bChange = 0.0101798, totNum = 2
ROUND = 747, SUM = 324, bChange = 0.0101802, totNum = 2
ROUND = 748, SUM = 324, bChange = 0.0101805, totNum = 2
ROUND = 749, SUM = 324, bChange = 0.0101808, totNum = 2
ROUND = 750, SUM = 324, bChange = 0.0101812, totNum = 2
ROUND = 751, SUM = 324, bChange = 0.0101815, totNum = 2
ROUND = 752, SUM = 324, bChange = 0.0101818, totNum = 2
ROUND = 753, SUM = 324, bChange = 0.0101821, totNum = 2
ROUND = 754, SUM = 324, bChange = 0.0101825, totNum = 2
ROUND = 755, SUM = 324, bChange = 0.0101828, totNum = 2
ROUND = 756, SUM = 324, bChange = 0.0101831, totNum = 2
ROUND = 757, SUM = 324, bChange = 0.0101834, totNum = 2
ROUND = 758, SUM = 324, bChange = 0.0101837, totNum = 2
ROUND = 759, SUM = 324, bChange = 0.010184, totNum = 2
ROUND = 760, SUM = 324, bChange = 0.0101843, totNum = 2
ROUND = 761, SUM = 324, bChange = 0.0101846, totNum = 2
ROUND = 762, SUM = 324, bChange = 0.0101849, totNum = 2
ROUND = 763, SUM = 324, bChange = 0.0101852, totNum = 2
ROUND = 764, SUM = 324, bChange = 0.0101855, totNum = 2
ROUND = 765, SUM = 324, bChange = 0.0101858, totNum = 2
ROUND = 766, SUM = 324, bChange = 0.0101861, totNum = 2
ROUND = 767, SUM = 324, bChange = 0.0101864, totNum = 2
ROUND = 768, SUM = 324, bChange = 0.0101867, totNum = 2
ROUND = 769, SUM = 324, bChange = 0.010187, totNum = 2
ROUND = 770, SUM = 324, bChange = 0.0101873, totNum = 2
ROUND = 771, SUM = 324, bChange = 0.0101876, totNum = 2
ROUND = 772, SUM = 324, bChange = 0.0101879, totNum = 2
ROUND = 773, SUM = 324, bChange = 0.0101881, totNum = 2
ROUND = 774, SUM = 324, bChange = 0.0101884, totNum = 2
ROUND = 775, SUM = 324, bChange = 0.0101887, totNum = 2
ROUND = 776, SUM = 324, bChange = 0.010189, totNum = 2
ROUND = 777, SUM = 324, bChange = 0.0101892, totNum = 2
ROUND = 778, SUM = 324, bChange = 0.0101895, totNum = 2
ROUND = 779, SUM = 324, bChange = 0.0101898, totNum = 2
ROUND = 780, SUM = 324, bChange = 0.01019, totNum = 2
ROUND = 781, SUM = 324, bChange = 0.0101903, totNum = 2
ROUND = 782, SUM = 324, bChange = 0.0101906, totNum = 2
ROUND = 783, SUM = 324, bChange = 0.0101908, totNum = 2
ROUND = 784, SUM = 324, bChange = 0.0101911, totNum = 2
ROUND = 785, SUM = 324, bChange = 0.0101914, totNum = 2
ROUND = 786, SUM = 324, bChange = 0.0101916, totNum = 2
ROUND = 787, SUM = 324, bChange = 0.0101919, totNum = 2
ROUND = 788, SUM = 324, bChange = 0.0101921, totNum = 2
ROUND = 789, SUM = 324, bChange = 0.0101924, totNum = 2
ROUND = 790, SUM = 324, bChange = 0.0101926, totNum = 2
ROUND = 791, SUM = 324, bChange = 0.0101929, totNum = 2
ROUND = 792, SUM = 324, bChange = 0.0101931, totNum = 2
ROUND = 793, SUM = 324, bChange = 0.0101933, totNum = 2
ROUND = 794, SUM = 324, bChange = 0.0101936, totNum = 2
ROUND = 795, SUM = 324, bChange = 0.0101938, totNum = 2
ROUND = 796, SUM = 324, bChange = 0.0101941, totNum = 2
ROUND = 797, SUM = 324, bChange = 0.0101943, totNum = 2
ROUND = 798, SUM = 324, bChange = 0.0101945, totNum = 2
ROUND = 799, SUM = 324, bChange = 0.0101948, totNum = 2
ROUND = 800, SUM = 324, bChange = 0.010195, totNum = 2
ROUND = 801, SUM = 324, bChange = 0.0101952, totNum = 2
ROUND = 802, SUM = 324, bChange = 0.0101955, totNum = 2
ROUND = 803, SUM = 324, bChange = 0.0101957, totNum = 2
ROUND = 804, SUM = 324, bChange = 0.0101959, totNum = 2
ROUND = 805, SUM = 324, bChange = 0.0101961, totNum = 2
ROUND = 806, SUM = 324, bChange = 0.0101963, totNum = 2
ROUND = 807, SUM = 324, bChange = 0.0101966, totNum = 2
ROUND = 808, SUM = 324, bChange = 0.0101968, totNum = 2
ROUND = 809, SUM = 324, bChange = 0.010197, totNum = 2
ROUND = 810, SUM = 324, bChange = 0.0101972, totNum = 2
ROUND = 811, SUM = 324, bChange = 0.0101974, totNum = 2
ROUND = 812, SUM = 324, bChange = 0.0101976, totNum = 2
ROUND = 813, SUM = 324, bChange = 0.0101979, totNum = 2
ROUND = 814, SUM = 324, bChange = 0.0101981, totNum = 2
ROUND = 815, SUM = 324, bChange = 0.0101983, totNum = 2
ROUND = 816, SUM = 324, bChange = 0.0101985, totNum = 2
ROUND = 817, SUM = 324, bChange = 0.0101987, totNum = 2
ROUND = 818, SUM = 324, bChange = 0.0101989, totNum = 2
ROUND = 819, SUM = 324, bChange = 0.0101991, totNum = 2
ROUND = 820, SUM = 324, bChange = 0.0101993, totNum = 2
ROUND = 821, SUM = 324, bChange = 0.0101995, totNum = 2
ROUND = 822, SUM = 324, bChange = 0.0101997, totNum = 2
ROUND = 823, SUM = 324, bChange = 0.0101999, totNum = 2
ROUND = 824, SUM = 324, bChange = 0.0102001, totNum = 2
ROUND = 825, SUM = 324, bChange = 0.0102003, totNum = 2
ROUND = 826, SUM = 324, bChange = 0.0102005, totNum = 2
ROUND = 827, SUM = 324, bChange = 0.0102006, totNum = 2
ROUND = 828, SUM = 324, bChange = 0.0102008, totNum = 2
ROUND = 829, SUM = 324, bChange = 0.010201, totNum = 2
ROUND = 830, SUM = 324, bChange = 0.0102012, totNum = 2
ROUND = 831, SUM = 324, bChange = 0.0102014, totNum = 2
ROUND = 832, SUM = 324, bChange = 0.0102016, totNum = 2
ROUND = 833, SUM = 324, bChange = 0.0102018, totNum = 2
ROUND = 834, SUM = 324, bChange = 0.0102019, totNum = 2
ROUND = 835, SUM = 324, bChange = 0.0102021, totNum = 2
ROUND = 836, SUM = 324, bChange = 0.0102023, totNum = 2
ROUND = 837, SUM = 324, bChange = 0.0102025, totNum = 2
ROUND = 838, SUM = 324, bChange = 0.0102027, totNum = 2
ROUND = 839, SUM = 324, bChange = 0.0102028, totNum = 2
ROUND = 840, SUM = 324, bChange = 0.010203, totNum = 2
ROUND = 841, SUM = 324, bChange = 0.0102032, totNum = 2
ROUND = 842, SUM = 324, bChange = 0.0102033, totNum = 2
ROUND = 843, SUM = 324, bChange = 0.0102035, totNum = 2
ROUND = 844, SUM = 324, bChange = 0.0102037, totNum = 2
ROUND = 845, SUM = 324, bChange = 0.0102039, totNum = 2
ROUND = 846, SUM = 324, bChange = 0.010204, totNum = 2
ROUND = 847, SUM = 324, bChange = 0.0102042, totNum = 2
ROUND = 848, SUM = 324, bChange = 0.0102043, totNum = 2
ROUND = 849, SUM = 324, bChange = 0.0102045, totNum = 2
ROUND = 850, SUM = 324, bChange = 0.0102047, totNum = 2
ROUND = 851, SUM = 324, bChange = 0.0102048, totNum = 2
ROUND = 852, SUM = 324, bChange = 0.010205, totNum = 2
ROUND = 853, SUM = 324, bChange = 0.0102052, totNum = 2
ROUND = 854, SUM = 324, bChange = 0.0102053, totNum = 2
ROUND = 855, SUM = 324, bChange = 0.0102055, totNum = 2
ROUND = 856, SUM = 324, bChange = 0.0102056, totNum = 2
ROUND = 857, SUM = 324, bChange = 0.0102058, totNum = 2
ROUND = 858, SUM = 324, bChange = 0.0102059, totNum = 2
ROUND = 859, SUM = 324, bChange = 0.0102061, totNum = 2
ROUND = 860, SUM = 324, bChange = 0.0102062, totNum = 2
ROUND = 861, SUM = 324, bChange = 0.0102064, totNum = 2
ROUND = 862, SUM = 324, bChange = 0.0102065, totNum = 2
ROUND = 863, SUM = 324, bChange = 0.0102067, totNum = 2
ROUND = 864, SUM = 324, bChange = 0.0102068, totNum = 2
ROUND = 865, SUM = 324, bChange = 0.010207, totNum = 2
ROUND = 866, SUM = 324, bChange = 0.0102071, totNum = 2
ROUND = 867, SUM = 324, bChange = 0.0102073, totNum = 2
ROUND = 868, SUM = 324, bChange = 0.0102074, totNum = 2
ROUND = 869, SUM = 324, bChange = 0.0102075, totNum = 2
ROUND = 870, SUM = 324, bChange = 0.0102077, totNum = 2
ROUND = 871, SUM = 324, bChange = 0.0102078, totNum = 2
ROUND = 872, SUM = 324, bChange = 0.010208, totNum = 2
ROUND = 873, SUM = 324, bChange = 0.0102081, totNum = 2
ROUND = 874, SUM = 324, bChange = 0.0102082, totNum = 2
ROUND = 875, SUM = 324, bChange = 0.0102084, totNum = 2
ROUND = 876, SUM = 324, bChange = 0.0102085, totNum = 2
ROUND = 877, SUM = 324, bChange = 0.0102086, totNum = 2
ROUND = 878, SUM = 324, bChange = 0.0102088, totNum = 2
ROUND = 879, SUM = 324, bChange = 0.0102089, totNum = 2
ROUND = 880, SUM = 324, bChange = 0.010209, totNum = 2
ROUND = 881, SUM = 324, bChange = 0.0102092, totNum = 2
ROUND = 882, SUM = 324, bChange = 0.0102093, totNum = 2
ROUND = 883, SUM = 324, bChange = 0.0102094, totNum = 2
ROUND = 884, SUM = 324, bChange = 0.0102095, totNum = 2
ROUND = 885, SUM = 324, bChange = 0.0102097, totNum = 2
ROUND = 886, SUM = 324, bChange = 0.0102098, totNum = 2
ROUND = 887, SUM = 324, bChange = 0.0102099, totNum = 2
ROUND = 888, SUM = 324, bChange = 0.01021, totNum = 2
ROUND = 889, SUM = 324, bChange = 0.0102102, totNum = 2
ROUND = 890, SUM = 324, bChange = 0.0102103, totNum = 2
ROUND = 891, SUM = 324, bChange = 0.0102104, totNum = 2
ROUND = 892, SUM = 324, bChange = 0.0102105, totNum = 2
ROUND = 893, SUM = 324, bChange = 0.0102106, totNum = 2
ROUND = 894, SUM = 324, bChange = 0.0102108, totNum = 2
ROUND = 895, SUM = 324, bChange = 0.0102109, totNum = 2
ROUND = 896, SUM = 324, bChange = 0.010211, totNum = 2
ROUND = 897, SUM = 324, bChange = 0.0102111, totNum = 2
ROUND = 898, SUM = 324, bChange = 0.0102112, totNum = 2
ROUND = 899, SUM = 324, bChange = 0.0102113, totNum = 2
ROUND = 900, SUM = 324, bChange = 0.0102115, totNum = 2
ROUND = 901, SUM = 324, bChange = 0.0102116, totNum = 2
ROUND = 902, SUM = 324, bChange = 0.0102117, totNum = 2
ROUND = 903, SUM = 324, bChange = 0.0102118, totNum = 2
ROUND = 904, SUM = 324, bChange = 0.0102119, totNum = 2
ROUND = 905, SUM = 324, bChange = 0.010212, totNum = 2
ROUND = 906, SUM = 324, bChange = 0.0102121, totNum = 2
ROUND = 907, SUM = 324, bChange = 0.0102122, totNum = 2
ROUND = 908, SUM = 324, bChange = 0.0102123, totNum = 2
ROUND = 909, SUM = 324, bChange = 0.0102124, totNum = 2
ROUND = 910, SUM = 324, bChange = 0.0102126, totNum = 2
ROUND = 911, SUM = 324, bChange = 0.0102127, totNum = 2
ROUND = 912, SUM = 324, bChange = 0.0102128, totNum = 2
ROUND = 913, SUM = 324, bChange = 0.0102129, totNum = 2
ROUND = 914, SUM = 324, bChange = 0.010213, totNum = 2
ROUND = 915, SUM = 324, bChange = 0.0102131, totNum = 2
ROUND = 916, SUM = 324, bChange = 0.0102132, totNum = 2
ROUND = 917, SUM = 324, bChange = 0.0102133, totNum = 2
ROUND = 918, SUM = 324, bChange = 0.0102134, totNum = 2
ROUND = 919, SUM = 324, bChange = 0.0102135, totNum = 2
ROUND = 920, SUM = 324, bChange = 0.0102136, totNum = 2
ROUND = 921, SUM = 324, bChange = 0.0102137, totNum = 2
ROUND = 922, SUM = 324, bChange = 0.0102138, totNum = 2
ROUND = 923, SUM = 324, bChange = 0.0102139, totNum = 2
ROUND = 924, SUM = 324, bChange = 0.010214, totNum = 2
ROUND = 925, SUM = 324, bChange = 0.0102141, totNum = 2
ROUND = 926, SUM = 324, bChange = 0.0102141, totNum = 2
ROUND = 927, SUM = 324, bChange = 0.0102142, totNum = 2
ROUND = 928, SUM = 324, bChange = 0.0102143, totNum = 2
ROUND = 929, SUM = 324, bChange = 0.0102144, totNum = 2
ROUND = 930, SUM = 324, bChange = 0.0102145, totNum = 2
ROUND = 931, SUM = 324, bChange = 0.0102146, totNum = 2
ROUND = 932, SUM = 324, bChange = 0.0102147, totNum = 2
ROUND = 933, SUM = 324, bChange = 0.0102148, totNum = 2
ROUND = 934, SUM = 324, bChange = 0.0102149, totNum = 2
ROUND = 935, SUM = 324, bChange = 0.010215, totNum = 2
ROUND = 936, SUM = 324, bChange = 0.0102151, totNum = 2
ROUND = 937, SUM = 324, bChange = 0.0102151, totNum = 2
ROUND = 938, SUM = 324, bChange = 0.0102152, totNum = 2
ROUND = 939, SUM = 324, bChange = 0.0102153, totNum = 2
ROUND = 940, SUM = 324, bChange = 0.0102154, totNum = 2
ROUND = 941, SUM = 324, bChange = 0.0102155, totNum = 2
ROUND = 942, SUM = 324, bChange = 0.0102156, totNum = 2
ROUND = 943, SUM = 324, bChange = 0.0102157, totNum = 2
ROUND = 944, SUM = 324, bChange = 0.0102157, totNum = 2
ROUND = 945, SUM = 324, bChange = 0.0102158, totNum = 2
ROUND = 946, SUM = 324, bChange = 0.0102159, totNum = 2
ROUND = 947, SUM = 324, bChange = 0.010216, totNum = 2
ROUND = 948, SUM = 324, bChange = 0.0102161, totNum = 2
ROUND = 949, SUM = 324, bChange = 0.0102162, totNum = 2
ROUND = 950, SUM = 324, bChange = 0.0102162, totNum = 2
ROUND = 951, SUM = 324, bChange = 0.0102163, totNum = 2
ROUND = 952, SUM = 324, bChange = 0.0102164, totNum = 2
ROUND = 953, SUM = 324, bChange = 0.0102165, totNum = 2
ROUND = 954, SUM = 324, bChange = 0.0102165, totNum = 2
ROUND = 955, SUM = 324, bChange = 0.0102166, totNum = 2
ROUND = 956, SUM = 324, bChange = 0.0102167, totNum = 2
ROUND = 957, SUM = 324, bChange = 0.0102168, totNum = 2
ROUND = 958, SUM = 324, bChange = 0.0102169, totNum = 2
ROUND = 959, SUM = 324, bChange = 0.0102169, totNum = 2
ROUND = 960, SUM = 324, bChange = 0.010217, totNum = 2
ROUND = 961, SUM = 324, bChange = 0.0102171, totNum = 2
ROUND = 962, SUM = 324, bChange = 0.0102171, totNum = 2
ROUND = 963, SUM = 324, bChange = 0.0102172, totNum = 2
ROUND = 964, SUM = 324, bChange = 0.0102173, totNum = 2
ROUND = 965, SUM = 324, bChange = 0.0102174, totNum = 2
ROUND = 966, SUM = 324, bChange = 0.0102174, totNum = 2
ROUND = 967, SUM = 324, bChange = 0.0102175, totNum = 2
ROUND = 968, SUM = 324, bChange = 0.0102176, totNum = 2
ROUND = 969, SUM = 324, bChange = 0.0102176, totNum = 2
ROUND = 970, SUM = 324, bChange = 0.0102177, totNum = 2
ROUND = 971, SUM = 324, bChange = 0.0102178, totNum = 2
ROUND = 972, SUM = 324, bChange = 0.0102179, totNum = 2
ROUND = 973, SUM = 324, bChange = 0.0102179, totNum = 2
ROUND = 974, SUM = 324, bChange = 0.010218, totNum = 2
ROUND = 975, SUM = 324, bChange = 0.0102181, totNum = 2
ROUND = 976, SUM = 324, bChange = 0.0102181, totNum = 2
ROUND = 977, SUM = 324, bChange = 0.0102182, totNum = 2
ROUND = 978, SUM = 324, bChange = 0.0102183, totNum = 2
ROUND = 979, SUM = 324, bChange = 0.0102183, totNum = 2
ROUND = 980, SUM = 324, bChange = 0.0102184, totNum = 2
ROUND = 981, SUM = 324, bChange = 0.0102185, totNum = 2
ROUND = 982, SUM = 324, bChange = 0.0102185, totNum = 2
ROUND = 983, SUM = 324, bChange = 0.0102186, totNum = 2
ROUND = 984, SUM = 324, bChange = 0.0102186, totNum = 2
ROUND = 985, SUM = 324, bChange = 0.0102187, totNum = 2
ROUND = 986, SUM = 324, bChange = 0.0102188, totNum = 2
ROUND = 987, SUM = 324, bChange = 0.0102188, totNum = 2
ROUND = 988, SUM = 324, bChange = 0.0102189, totNum = 2
ROUND = 989, SUM = 324, bChange = 0.010219, totNum = 2
ROUND = 990, SUM = 324, bChange = 0.010219, totNum = 2
ROUND = 991, SUM = 324, bChange = 0.0102191, totNum = 2
ROUND = 992, SUM = 324, bChange = 0.0102191, totNum = 2
ROUND = 993, SUM = 324, bChange = 0.0102192, totNum = 2
ROUND = 994, SUM = 324, bChange = 0.0102192, totNum = 2
ROUND = 995, SUM = 324, bChange = 0.0102193, totNum = 2
ROUND = 996, SUM = 324, bChange = 0.0102194, totNum = 2
ROUND = 997, SUM = 324, bChange = 0.0102194, totNum = 2
ROUND = 998, SUM = 324, bChange = 0.0102195, totNum = 2
ROUND = 999, SUM = 324, bChange = 0.0102195, totNum = 2
ROUND = 1000, SUM = 324, bChange = 0.0102196, totNum = 2
ROUND = 1001, SUM = 324, bChange = 0.0102196, totNum = 2
ROUND = 1002, SUM = 324, bChange = 0.0102197, totNum = 2
ROUND = 1003, SUM = 324, bChange = 0.0102198, totNum = 2
ROUND = 1004, SUM = 324, bChange = 0.0102198, totNum = 2
ROUND = 1005, SUM = 324, bChange = 0.0102199, totNum = 2
ROUND = 1006, SUM = 324, bChange = 0.0102199, totNum = 2
ROUND = 1007, SUM = 324, bChange = 0.00672785, totNum = 1
ROUND = 1008, SUM = 324, bChange = 0.0067279, totNum = 1
ROUND = 1009, SUM = 324, bChange = 0.00672795, totNum = 1
ROUND = 1010, SUM = 324, bChange = 0.00672801, totNum = 1
ROUND = 1011, SUM = 324, bChange = 0.00672806, totNum = 1
ROUND = 1012, SUM = 324, bChange = 0.00672811, totNum = 1
ROUND = 1013, SUM = 324, bChange = 0.00672816, totNum = 1
ROUND = 1014, SUM = 324, bChange = 0.00672822, totNum = 1
ROUND = 1015, SUM = 324, bChange = 0.00672827, totNum = 1
ROUND = 1016, SUM = 324, bChange = 0.00672832, totNum = 1
ROUND = 1017, SUM = 324, bChange = 0.00672837, totNum = 1
ROUND = 1018, SUM = 324, bChange = 0.00672842, totNum = 1
ROUND = 1019, SUM = 324, bChange = 0.00672847, totNum = 1
ROUND = 1020, SUM = 324, bChange = 0.00672852, totNum = 1
ROUND = 1021, SUM = 324, bChange = 0.00672856, totNum = 1
ROUND = 1022, SUM = 324, bChange = 0.00672861, totNum = 1
ROUND = 1023, SUM = 324, bChange = 0.00672866, totNum = 1
ROUND = 1024, SUM = 324, bChange = 0.00672871, totNum = 1
ROUND = 1025, SUM = 324, bChange = 0.00672876, totNum = 1
ROUND = 1026, SUM = 324, bChange = 0.0067288, totNum = 1
ROUND = 1027, SUM = 324, bChange = 0.00672885, totNum = 1
ROUND = 1028, SUM = 324, bChange = 0.0067289, totNum = 1
ROUND = 1029, SUM = 324, bChange = 0.00672894, totNum = 1
ROUND = 1030, SUM = 324, bChange = 0.00672899, totNum = 1
ROUND = 1031, SUM = 324, bChange = 0.00672903, totNum = 1
ROUND = 1032, SUM = 324, bChange = 0.00672908, totNum = 1
ROUND = 1033, SUM = 324, bChange = 0.00672912, totNum = 1
ROUND = 1034, SUM = 324, bChange = 0.00672917, totNum = 1
ROUND = 1035, SUM = 324, bChange = 0.00672921, totNum = 1
ROUND = 1036, SUM = 324, bChange = 0.00672926, totNum = 1
ROUND = 1037, SUM = 324, bChange = 0.0067293, totNum = 1
ROUND = 1038, SUM = 324, bChange = 0.00672934, totNum = 1
ROUND = 1039, SUM = 324, bChange = 0.00672939, totNum = 1
ROUND = 1040, SUM = 324, bChange = 0.00672943, totNum = 1
ROUND = 1041, SUM = 324, bChange = 0.00672947, totNum = 1
ROUND = 1042, SUM = 324, bChange = 0.00672952, totNum = 1
ROUND = 1043, SUM = 324, bChange = 0.00672956, totNum = 1
ROUND = 1044, SUM = 324, bChange = 0.0067296, totNum = 1
ROUND = 1045, SUM = 324, bChange = 0.00672964, totNum = 1
ROUND = 1046, SUM = 324, bChange = 0.00672968, totNum = 1
ROUND = 1047, SUM = 324, bChange = 0.00672972, totNum = 1
ROUND = 1048, SUM = 324, bChange = 0.00672976, totNum = 1
ROUND = 1049, SUM = 324, bChange = 0.0067298, totNum = 1
ROUND = 1050, SUM = 324, bChange = 0.00672984, totNum = 1
ROUND = 1051, SUM = 324, bChange = 0.00672988, totNum = 1
ROUND = 1052, SUM = 324, bChange = 0.00672992, totNum = 1
ROUND = 1053, SUM = 324, bChange = 0.00672996, totNum = 1
ROUND = 1054, SUM = 324, bChange = 0.00673, totNum = 1
ROUND = 1055, SUM = 324, bChange = 0.00673004, totNum = 1
ROUND = 1056, SUM = 324, bChange = 0.00673008, totNum = 1
ROUND = 1057, SUM = 324, bChange = 0.00673012, totNum = 1
ROUND = 1058, SUM = 324, bChange = 0.00673015, totNum = 1
ROUND = 1059, SUM = 324, bChange = 0.00673019, totNum = 1
ROUND = 1060, SUM = 324, bChange = 0.00673023, totNum = 1
ROUND = 1061, SUM = 324, bChange = 0.00673026, totNum = 1
ROUND = 1062, SUM = 324, bChange = 0.0067303, totNum = 1
ROUND = 1063, SUM = 324, bChange = 0.00673034, totNum = 1
ROUND = 1064, SUM = 324, bChange = 0.00673037, totNum = 1
ROUND = 1065, SUM = 324, bChange = 0.00673041, totNum = 1
ROUND = 1066, SUM = 324, bChange = 0.00673045, totNum = 1
ROUND = 1067, SUM = 324, bChange = 0.00673048, totNum = 1
ROUND = 1068, SUM = 324, bChange = 0.00673052, totNum = 1
ROUND = 1069, SUM = 324, bChange = 0.00673055, totNum = 1
ROUND = 1070, SUM = 324, bChange = 0.00673059, totNum = 1
ROUND = 1071, SUM = 324, bChange = 0.00673062, totNum = 1
ROUND = 1072, SUM = 324, bChange = 0.00673066, totNum = 1
ROUND = 1073, SUM = 324, bChange = 0.00673069, totNum = 1
ROUND = 1074, SUM = 324, bChange = 0.00673072, totNum = 1
ROUND = 1075, SUM = 324, bChange = 0.00673076, totNum = 1
ROUND = 1076, SUM = 324, bChange = 0.00673079, totNum = 1
ROUND = 1077, SUM = 324, bChange = 0.00673082, totNum = 1
ROUND = 1078, SUM = 324, bChange = 0.00673086, totNum = 1
ROUND = 1079, SUM = 324, bChange = 0.00673089, totNum = 1
ROUND = 1080, SUM = 324, bChange = 0.00673092, totNum = 1
ROUND = 1081, SUM = 324, bChange = 0.00673095, totNum = 1
ROUND = 1082, SUM = 324, bChange = 0.00673099, totNum = 1
ROUND = 1083, SUM = 324, bChange = 0.00673102, totNum = 1
ROUND = 1084, SUM = 324, bChange = 0.00673105, totNum = 1
ROUND = 1085, SUM = 324, bChange = 0.00673108, totNum = 1
ROUND = 1086, SUM = 324, bChange = 0.00673111, totNum = 1
ROUND = 1087, SUM = 324, bChange = 0.00673114, totNum = 1
ROUND = 1088, SUM = 324, bChange = 0.00673117, totNum = 1
ROUND = 1089, SUM = 324, bChange = 0.0067312, totNum = 1
ROUND = 1090, SUM = 324, bChange = 0.00673123, totNum = 1
ROUND = 1091, SUM = 324, bChange = 0.00673126, totNum = 1
ROUND = 1092, SUM = 324, bChange = 0.00673129, totNum = 1
ROUND = 1093, SUM = 324, bChange = 0.00673132, totNum = 1
ROUND = 1094, SUM = 324, bChange = 0.00673135, totNum = 1
ROUND = 1095, SUM = 324, bChange = 0.00673138, totNum = 1
ROUND = 1096, SUM = 324, bChange = 0.00673141, totNum = 1
ROUND = 1097, SUM = 324, bChange = 0.00673144, totNum = 1
ROUND = 1098, SUM = 324, bChange = 0.00673147, totNum = 1
ROUND = 1099, SUM = 324, bChange = 0.0067315, totNum = 1
ROUND = 1100, SUM = 324, bChange = 0.00673152, totNum = 1
ROUND = 1101, SUM = 324, bChange = 0.00673155, totNum = 1
ROUND = 1102, SUM = 324, bChange = 0.00673158, totNum = 1
ROUND = 1103, SUM = 324, bChange = 0.00673161, totNum = 1
ROUND = 1104, SUM = 324, bChange = 0.00673164, totNum = 1
ROUND = 1105, SUM = 324, bChange = 0.00673166, totNum = 1
ROUND = 1106, SUM = 324, bChange = 0.00673169, totNum = 1
ROUND = 1107, SUM = 324, bChange = 0.00673172, totNum = 1
ROUND = 1108, SUM = 324, bChange = 0.00673174, totNum = 1
ROUND = 1109, SUM = 324, bChange = 0.00673177, totNum = 1
ROUND = 1110, SUM = 324, bChange = 0.0067318, totNum = 1
ROUND = 1111, SUM = 324, bChange = 0.00673182, totNum = 1
ROUND = 1112, SUM = 324, bChange = 0.00673185, totNum = 1
ROUND = 1113, SUM = 324, bChange = 0.00673187, totNum = 1
ROUND = 1114, SUM = 324, bChange = 0.0067319, totNum = 1
ROUND = 1115, SUM = 324, bChange = 0.00673193, totNum = 1
ROUND = 1116, SUM = 324, bChange = 0.00673195, totNum = 1
ROUND = 1117, SUM = 324, bChange = 0.00673198, totNum = 1
ROUND = 1118, SUM = 324, bChange = 0.006732, totNum = 1
ROUND = 1119, SUM = 324, bChange = 0.00673203, totNum = 1
ROUND = 1120, SUM = 324, bChange = 0.00673205, totNum = 1
ROUND = 1121, SUM = 324, bChange = 0.00673208, totNum = 1
ROUND = 1122, SUM = 324, bChange = 0.0067321, totNum = 1
ROUND = 1123, SUM = 324, bChange = 0.00673212, totNum = 1
ROUND = 1124, SUM = 324, bChange = 0.00673215, totNum = 1
ROUND = 1125, SUM = 324, bChange = 0.00673217, totNum = 1
ROUND = 1126, SUM = 324, bChange = 0.00673219, totNum = 1
ROUND = 1127, SUM = 324, bChange = 0.00673222, totNum = 1
ROUND = 1128, SUM = 324, bChange = 0.00673224, totNum = 1
ROUND = 1129, SUM = 324, bChange = 0.00673226, totNum = 1
ROUND = 1130, SUM = 324, bChange = 0.00673229, totNum = 1
ROUND = 1131, SUM = 324, bChange = 0.00673231, totNum = 1
ROUND = 1132, SUM = 324, bChange = 0.00673233, totNum = 1
ROUND = 1133, SUM = 324, bChange = 0.00673236, totNum = 1
ROUND = 1134, SUM = 324, bChange = 0.00673238, totNum = 1
ROUND = 1135, SUM = 324, bChange = 0.0067324, totNum = 1
ROUND = 1136, SUM = 324, bChange = 0.00673242, totNum = 1
ROUND = 1137, SUM = 324, bChange = 0.00673244, totNum = 1
ROUND = 1138, SUM = 324, bChange = 0.00673247, totNum = 1
ROUND = 1139, SUM = 324, bChange = 0.00673249, totNum = 1
ROUND = 1140, SUM = 324, bChange = 0.00673251, totNum = 1
ROUND = 1141, SUM = 324, bChange = 0.00673253, totNum = 1
ROUND = 1142, SUM = 324, bChange = 0.00673255, totNum = 1
ROUND = 1143, SUM = 324, bChange = 0.00673257, totNum = 1
ROUND = 1144, SUM = 324, bChange = 0.00673259, totNum = 1
ROUND = 1145, SUM = 324, bChange = 0.00673261, totNum = 1
ROUND = 1146, SUM = 324, bChange = 0.00673263, totNum = 1
ROUND = 1147, SUM = 324, bChange = 0.00673265, totNum = 1
ROUND = 1148, SUM = 324, bChange = 0.00673267, totNum = 1
ROUND = 1149, SUM = 324, bChange = 0.0067327, totNum = 1
ROUND = 1150, SUM = 324, bChange = 0.00673272, totNum = 1
ROUND = 1151, SUM = 324, bChange = 0.00673273, totNum = 1
ROUND = 1152, SUM = 324, bChange = 0.00673275, totNum = 1
ROUND = 1153, SUM = 324, bChange = 0.00673277, totNum = 1
ROUND = 1154, SUM = 324, bChange = 0.00673279, totNum = 1
ROUND = 1155, SUM = 324, bChange = 0.00673281, totNum = 1
ROUND = 1156, SUM = 324, bChange = 0.00673283, totNum = 1
ROUND = 1157, SUM = 324, bChange = 0.00673285, totNum = 1
ROUND = 1158, SUM = 324, bChange = 0.00673287, totNum = 1
ROUND = 1159, SUM = 324, bChange = 0.00673289, totNum = 1
ROUND = 1160, SUM = 324, bChange = 0.00673291, totNum = 1
ROUND = 1161, SUM = 324, bChange = 0.00673293, totNum = 1
ROUND = 1162, SUM = 324, bChange = 0.00673294, totNum = 1
ROUND = 1163, SUM = 324, bChange = 0.00673296, totNum = 1
ROUND = 1164, SUM = 324, bChange = 0.00673298, totNum = 1
ROUND = 1165, SUM = 324, bChange = 0.006733, totNum = 1
ROUND = 1166, SUM = 324, bChange = 0.00673302, totNum = 1
ROUND = 1167, SUM = 324, bChange = 0.00673303, totNum = 1
ROUND = 1168, SUM = 324, bChange = 0.00673305, totNum = 1
ROUND = 1169, SUM = 324, bChange = 0.00673307, totNum = 1
ROUND = 1170, SUM = 324, bChange = 0.00673309, totNum = 1
ROUND = 1171, SUM = 324, bChange = 0.0067331, totNum = 1
ROUND = 1172, SUM = 324, bChange = 0.00673312, totNum = 1
ROUND = 1173, SUM = 324, bChange = 0.00673314, totNum = 1
ROUND = 1174, SUM = 324, bChange = 0.00673316, totNum = 1
ROUND = 1175, SUM = 324, bChange = 0.00673317, totNum = 1
ROUND = 1176, SUM = 324, bChange = 0.00673319, totNum = 1
ROUND = 1177, SUM = 324, bChange = 0.00673321, totNum = 1
ROUND = 1178, SUM = 324, bChange = 0.00673322, totNum = 1
ROUND = 1179, SUM = 324, bChange = 0.00673324, totNum = 1
ROUND = 1180, SUM = 324, bChange = 0.00673326, totNum = 1
ROUND = 1181, SUM = 324, bChange = 0.00673327, totNum = 1
ROUND = 1182, SUM = 324, bChange = 0.00673329, totNum = 1
ROUND = 1183, SUM = 324, bChange = 0.0067333, totNum = 1
ROUND = 1184, SUM = 324, bChange = 0.00673332, totNum = 1
ROUND = 1185, SUM = 324, bChange = 0.00673334, totNum = 1
ROUND = 1186, SUM = 324, bChange = 0.00673335, totNum = 1
ROUND = 1187, SUM = 324, bChange = 0.00673337, totNum = 1
ROUND = 1188, SUM = 324, bChange = 0.00673338, totNum = 1
ROUND = 1189, SUM = 324, bChange = 0.0067334, totNum = 1
ROUND = 1190, SUM = 324, bChange = 0.00673341, totNum = 1
ROUND = 1191, SUM = 324, bChange = 0.00673343, totNum = 1
ROUND = 1192, SUM = 324, bChange = 0.00673344, totNum = 1
ROUND = 1193, SUM = 324, bChange = 0.00673346, totNum = 1
ROUND = 1194, SUM = 324, bChange = 0.00673347, totNum = 1
ROUND = 1195, SUM = 324, bChange = 0.00673349, totNum = 1
ROUND = 1196, SUM = 324, bChange = 0.0067335, totNum = 1
ROUND = 1197, SUM = 324, bChange = 0.00673352, totNum = 1
ROUND = 1198, SUM = 324, bChange = 0.00673353, totNum = 1
ROUND = 1199, SUM = 324, bChange = 0.00673354, totNum = 1
ROUND = 1200, SUM = 324, bChange = 0.00673356, totNum = 1
ROUND = 1201, SUM = 324, bChange = 0.00673357, totNum = 1
ROUND = 1202, SUM = 324, bChange = 0.00673359, totNum = 1
ROUND = 1203, SUM = 324, bChange = 0.0067336, totNum = 1
ROUND = 1204, SUM = 324, bChange = 0.00673361, totNum = 1
ROUND = 1205, SUM = 324, bChange = 0.00673363, totNum = 1
ROUND = 1206, SUM = 324, bChange = 0.00673364, totNum = 1
ROUND = 1207, SUM = 324, bChange = 0.00673366, totNum = 1
ROUND = 1208, SUM = 324, bChange = 0.00673367, totNum = 1
ROUND = 1209, SUM = 324, bChange = 0.00673368, totNum = 1
ROUND = 1210, SUM = 324, bChange = 0.0067337, totNum = 1
ROUND = 1211, SUM = 324, bChange = 0.00673371, totNum = 1
ROUND = 1212, SUM = 324, bChange = 0.00673372, totNum = 1
ROUND = 1213, SUM = 324, bChange = 0.00673373, totNum = 1
ROUND = 1214, SUM = 324, bChange = 0.00673375, totNum = 1
ROUND = 1215, SUM = 324, bChange = 0.00673376, totNum = 1
ROUND = 1216, SUM = 324, bChange = 0.00673377, totNum = 1
ROUND = 1217, SUM = 324, bChange = 0.00673379, totNum = 1
ROUND = 1218, SUM = 324, bChange = 0.0067338, totNum = 1
ROUND = 1219, SUM = 324, bChange = 0.00673381, totNum = 1
ROUND = 1220, SUM = 324, bChange = 0.00673382, totNum = 1
ROUND = 1221, SUM = 324, bChange = 0.00673383, totNum = 1
ROUND = 1222, SUM = 324, bChange = 0.00673385, totNum = 1
ROUND = 1223, SUM = 324, bChange = 0.00673386, totNum = 1
ROUND = 1224, SUM = 324, bChange = 0.00673387, totNum = 1
ROUND = 1225, SUM = 324, bChange = 0.00673388, totNum = 1
ROUND = 1226, SUM = 324, bChange = 0.00673389, totNum = 1
ROUND = 1227, SUM = 324, bChange = 0.00673391, totNum = 1
ROUND = 1228, SUM = 324, bChange = 0.00673392, totNum = 1
ROUND = 1229, SUM = 324, bChange = 0.00673393, totNum = 1
ROUND = 1230, SUM = 324, bChange = 0.00673394, totNum = 1
ROUND = 1231, SUM = 324, bChange = 0.00673395, totNum = 1
ROUND = 1232, SUM = 324, bChange = 0.00673396, totNum = 1
ROUND = 1233, SUM = 324, bChange = 0.00673398, totNum = 1
ROUND = 1234, SUM = 324, bChange = 0.00673399, totNum = 1
ROUND = 1235, SUM = 324, bChange = 0.006734, totNum = 1
ROUND = 1236, SUM = 324, bChange = 0.00673401, totNum = 1
ROUND = 1237, SUM = 324, bChange = 0.00673402, totNum = 1
ROUND = 1238, SUM = 324, bChange = 0.00673403, totNum = 1
ROUND = 1239, SUM = 324, bChange = 0.00673404, totNum = 1
ROUND = 1240, SUM = 324, bChange = 0.00673405, totNum = 1
ROUND = 1241, SUM = 324, bChange = 0.00673406, totNum = 1
ROUND = 1242, SUM = 324, bChange = 0.00673407, totNum = 1
ROUND = 1243, SUM = 324, bChange = 0.00673408, totNum = 1
ROUND = 1244, SUM = 324, bChange = 0.0067341, totNum = 1
ROUND = 1245, SUM = 324, bChange = 0.00673411, totNum = 1
ROUND = 1246, SUM = 324, bChange = 0.00673412, totNum = 1
ROUND = 1247, SUM = 324, bChange = 0.00673413, totNum = 1
ROUND = 1248, SUM = 324, bChange = 0.00673414, totNum = 1
ROUND = 1249, SUM = 324, bChange = 0.00673415, totNum = 1
ROUND = 1250, SUM = 324, bChange = 0.00673416, totNum = 1
ROUND = 1251, SUM = 324, bChange = 0.00673417, totNum = 1
ROUND = 1252, SUM = 324, bChange = 0.00673418, totNum = 1
ROUND = 1253, SUM = 324, bChange = 0.00673419, totNum = 1
ROUND = 1254, SUM = 324, bChange = 0.0067342, totNum = 1
ROUND = 1255, SUM = 324, bChange = 0.00673421, totNum = 1
ROUND = 1256, SUM = 324, bChange = 0.00673422, totNum = 1
ROUND = 1257, SUM = 324, bChange = 0.00673423, totNum = 1
ROUND = 1258, SUM = 324, bChange = 0.00673423, totNum = 1
ROUND = 1259, SUM = 324, bChange = 0.00673424, totNum = 1
ROUND = 1260, SUM = 324, bChange = 0.00673425, totNum = 1
ROUND = 1261, SUM = 324, bChange = 0.00673426, totNum = 1
ROUND = 1262, SUM = 324, bChange = 0.00673427, totNum = 1
ROUND = 1263, SUM = 324, bChange = 0.00673428, totNum = 1
ROUND = 1264, SUM = 324, bChange = 0.00673429, totNum = 1
ROUND = 1265, SUM = 324, bChange = 0.0067343, totNum = 1
ROUND = 1266, SUM = 324, bChange = 0.00673431, totNum = 1
ROUND = 1267, SUM = 324, bChange = 0.00673432, totNum = 1
ROUND = 1268, SUM = 324, bChange = 0.00673433, totNum = 1
ROUND = 1269, SUM = 324, bChange = 0.00673434, totNum = 1
ROUND = 1270, SUM = 324, bChange = 0.00673434, totNum = 1
ROUND = 1271, SUM = 324, bChange = 0.00673435, totNum = 1
ROUND = 1272, SUM = 324, bChange = 0.00673436, totNum = 1
ROUND = 1273, SUM = 324, bChange = 0.00673437, totNum = 1
ROUND = 1274, SUM = 324, bChange = 0.00673438, totNum = 1
ROUND = 1275, SUM = 324, bChange = 0.00673439, totNum = 1
ROUND = 1276, SUM = 324, bChange = 0.0067344, totNum = 1
ROUND = 1277, SUM = 324, bChange = 0.0067344, totNum = 1
ROUND = 1278, SUM = 324, bChange = 0.00673441, totNum = 1
ROUND = 1279, SUM = 324, bChange = 0.00673442, totNum = 1
ROUND = 1280, SUM = 324, bChange = 0.00673443, totNum = 1
ROUND = 1281, SUM = 324, bChange = 0.00673444, totNum = 1
ROUND = 1282, SUM = 324, bChange = 0.00673444, totNum = 1
ROUND = 1283, SUM = 324, bChange = 0.00673445, totNum = 1
ROUND = 1284, SUM = 324, bChange = 0.00673446, totNum = 1
ROUND = 1285, SUM = 324, bChange = 0.00673447, totNum = 1
ROUND = 1286, SUM = 324, bChange = 0.00673448, totNum = 1
ROUND = 1287, SUM = 324, bChange = 0.00673448, totNum = 1
ROUND = 1288, SUM = 324, bChange = 0.00673449, totNum = 1
ROUND = 1289, SUM = 324, bChange = 0.0067345, totNum = 1
ROUND = 1290, SUM = 324, bChange = 0.00673451, totNum = 1
ROUND = 1291, SUM = 324, bChange = 0.00673452, totNum = 1
ROUND = 1292, SUM = 324, bChange = 0.00673452, totNum = 1
ROUND = 1293, SUM = 324, bChange = 0.00673453, totNum = 1
ROUND = 1294, SUM = 324, bChange = 0.00673454, totNum = 1
ROUND = 1295, SUM = 324, bChange = 0.00673454, totNum = 1
ROUND = 1296, SUM = 324, bChange = 0.00673455, totNum = 1
ROUND = 1297, SUM = 324, bChange = 0.00673456, totNum = 1
ROUND = 1298, SUM = 324, bChange = 0.00673457, totNum = 1
ROUND = 1299, SUM = 324, bChange = 0.00673457, totNum = 1
ROUND = 1300, SUM = 324, bChange = 0.00673458, totNum = 1
ROUND = 1301, SUM = 324, bChange = 0.00673459, totNum = 1
ROUND = 1302, SUM = 324, bChange = 0.0067346, totNum = 1
ROUND = 1303, SUM = 324, bChange = 0.0067346, totNum = 1
ROUND = 1304, SUM = 324, bChange = 0.00673461, totNum = 1
ROUND = 1305, SUM = 324, bChange = 0.00673462, totNum = 1
ROUND = 1306, SUM = 324, bChange = 0.00673462, totNum = 1
ROUND = 1307, SUM = 324, bChange = 0.00673463, totNum = 1
ROUND = 1308, SUM = 324, bChange = 0.00673464, totNum = 1
ROUND = 1309, SUM = 324, bChange = 0.00673464, totNum = 1
ROUND = 1310, SUM = 324, bChange = 0.00673465, totNum = 1
ROUND = 1311, SUM = 324, bChange = 0.00673466, totNum = 1
ROUND = 1312, SUM = 324, bChange = 0.00673466, totNum = 1
ROUND = 1313, SUM = 324, bChange = 0.00673467, totNum = 1
ROUND = 1314, SUM = 324, bChange = 0.00673468, totNum = 1
ROUND = 1315, SUM = 324, bChange = 0.00673468, totNum = 1
ROUND = 1316, SUM = 324, bChange = 0.00673469, totNum = 1
ROUND = 1317, SUM = 324, bChange = 0.0067347, totNum = 1
ROUND = 1318, SUM = 324, bChange = 0.0067347, totNum = 1
ROUND = 1319, SUM = 324, bChange = 0.00673471, totNum = 1
ROUND = 1320, SUM = 324, bChange = 0.00673471, totNum = 1
ROUND = 1321, SUM = 324, bChange = 0.00673472, totNum = 1
ROUND = 1322, SUM = 324, bChange = 0.00673473, totNum = 1
ROUND = 1323, SUM = 324, bChange = 0.00673473, totNum = 1
ROUND = 1324, SUM = 324, bChange = 0.00673474, totNum = 1
ROUND = 1325, SUM = 324, bChange = 0.00673474, totNum = 1
ROUND = 1326, SUM = 324, bChange = 0.00673475, totNum = 1
ROUND = 1327, SUM = 324, bChange = 0.00673476, totNum = 1
ROUND = 1328, SUM = 324, bChange = 0.00673476, totNum = 1
ROUND = 1329, SUM = 324, bChange = 0.00673477, totNum = 1
ROUND = 1330, SUM = 324, bChange = 0.00673477, totNum = 1
ROUND = 1331, SUM = 324, bChange = 0.00673478, totNum = 1
ROUND = 1332, SUM = 324, bChange = 0.00673479, totNum = 1
ROUND = 1333, SUM = 324, bChange = 0.00673479, totNum = 1
ROUND = 1334, SUM = 324, bChange = 0.0067348, totNum = 1
ROUND = 1335, SUM = 324, bChange = 0.0067348, totNum = 1
ROUND = 1336, SUM = 324, bChange = 0.00673481, totNum = 1
ROUND = 1337, SUM = 324, bChange = 0.00673481, totNum = 1
ROUND = 1338, SUM = 324, bChange = 0.00673482, totNum = 1
ROUND = 1339, SUM = 324, bChange = 0.00673482, totNum = 1
ROUND = 1340, SUM = 324, bChange = 0.00673483, totNum = 1
ROUND = 1341, SUM = 324, bChange = 0.00673484, totNum = 1
ROUND = 1342, SUM = 324, bChange = 0.00673484, totNum = 1
ROUND = 1343, SUM = 324, bChange = 0.00673485, totNum = 1
ROUND = 1344, SUM = 324, bChange = 0.00673485, totNum = 1
ROUND = 1345, SUM = 324, bChange = 0.00673486, totNum = 1
ROUND = 1346, SUM = 324, bChange = 0.00673486, totNum = 1
ROUND = 1347, SUM = 324, bChange = 0.00673487, totNum = 1
ROUND = 1348, SUM = 324, bChange = 0.00673487, totNum = 1
ROUND = 1349, SUM = 324, bChange = 0.00673488, totNum = 1
ROUND = 1350, SUM = 324, bChange = 0.00673488, totNum = 1
ROUND = 1351, SUM = 324, bChange = 0.00673489, totNum = 1
ROUND = 1352, SUM = 324, bChange = 0.00673489, totNum = 1
ROUND = 1353, SUM = 324, bChange = 0.0067349, totNum = 1
ROUND = 1354, SUM = 324, bChange = 0.0067349, totNum = 1
ROUND = 1355, SUM = 324, bChange = 0.00673491, totNum = 1
ROUND = 1356, SUM = 324, bChange = 0.00673491, totNum = 1
ROUND = 1357, SUM = 324, bChange = 0.00673492, totNum = 1
ROUND = 1358, SUM = 324, bChange = 0.00673492, totNum = 1
ROUND = 1359, SUM = 324, bChange = 0.00673493, totNum = 1
ROUND = 1360, SUM = 324, bChange = 0.00673493, totNum = 1
ROUND = 1361, SUM = 324, bChange = 0.00673494, totNum = 1
ROUND = 1362, SUM = 324, bChange = 0.00673494, totNum = 1
ROUND = 1363, SUM = 324, bChange = 0.00673495, totNum = 1
ROUND = 1364, SUM = 324, bChange = 0.00673495, totNum = 1
ROUND = 1365, SUM = 324, bChange = 0.00673495, totNum = 1
ROUND = 1366, SUM = 324, bChange = 0.00673496, totNum = 1
ROUND = 1367, SUM = 324, bChange = 0.00673496, totNum = 1
ROUND = 1368, SUM = 324, bChange = 0.00673497, totNum = 1
ROUND = 1369, SUM = 324, bChange = 0.00673497, totNum = 1
ROUND = 1370, SUM = 324, bChange = 0.00673498, totNum = 1
ROUND = 1371, SUM = 324, bChange = 0.00673498, totNum = 1
ROUND = 1372, SUM = 324, bChange = 0.00673499, totNum = 1
ROUND = 1373, SUM = 324, bChange = 0.00673499, totNum = 1
ROUND = 1374, SUM = 324, bChange = 0.00673499, totNum = 1
ROUND = 1375, SUM = 324, bChange = 0.006735, totNum = 1
ROUND = 1376, SUM = 324, bChange = 0.006735, totNum = 1
ROUND = 1377, SUM = 324, bChange = 0.00673501, totNum = 1
ROUND = 1378, SUM = 324, bChange = 0.00673501, totNum = 1
ROUND = 1379, SUM = 324, bChange = 0.00673502, totNum = 1
ROUND = 1380, SUM = 324, bChange = 0.00673502, totNum = 1
ROUND = 1381, SUM = 324, bChange = 0.00673502, totNum = 1
ROUND = 1382, SUM = 324, bChange = 0.00673503, totNum = 1
ROUND = 1383, SUM = 324, bChange = 0.00673503, totNum = 1
ROUND = 1384, SUM = 324, bChange = 0.00673504, totNum = 1
ROUND = 1385, SUM = 324, bChange = 0.00673504, totNum = 1
ROUND = 1386, SUM = 324, bChange = 0.00673504, totNum = 1
ROUND = 1387, SUM = 324, bChange = 0.00673505, totNum = 1
ROUND = 1388, SUM = 324, bChange = 0.00673505, totNum = 1
ROUND = 1389, SUM = 324, bChange = 0.00673506, totNum = 1
ROUND = 1390, SUM = 324, bChange = 0.00673506, totNum = 1
ROUND = 1391, SUM = 324, bChange = 0.00673506, totNum = 1
ROUND = 1392, SUM = 324, bChange = 0.00673507, totNum = 1
ROUND = 1393, SUM = 324, bChange = 0.00673507, totNum = 1
ROUND = 1394, SUM = 324, bChange = 0.00673508, totNum = 1
ROUND = 1395, SUM = 324, bChange = 0.00673508, totNum = 1
ROUND = 1396, SUM = 324, bChange = 0.00673508, totNum = 1
ROUND = 1397, SUM = 324, bChange = 0.00673509, totNum = 1
ROUND = 1398, SUM = 324, bChange = 0.00673509, totNum = 1
ROUND = 1399, SUM = 324, bChange = 0.00673509, totNum = 1
ROUND = 1400, SUM = 324, bChange = 0.0067351, totNum = 1
ROUND = 1401, SUM = 324, bChange = 0.0067351, totNum = 1
ROUND = 1402, SUM = 324, bChange = 0.0067351, totNum = 1
ROUND = 1403, SUM = 324, bChange = 0.00673511, totNum = 1
ROUND = 1404, SUM = 324, bChange = 0.00673511, totNum = 1
ROUND = 1405, SUM = 324, bChange = 0.00673511, totNum = 1
ROUND = 1406, SUM = 324, bChange = 0.00673512, totNum = 1
ROUND = 1407, SUM = 324, bChange = 0.00673512, totNum = 1
ROUND = 1408, SUM = 324, bChange = 0.00673513, totNum = 1
ROUND = 1409, SUM = 324, bChange = 0.00673513, totNum = 1
ROUND = 1410, SUM = 324, bChange = 0.00673513, totNum = 1
ROUND = 1411, SUM = 324, bChange = 0.00673514, totNum = 1
ROUND = 1412, SUM = 324, bChange = 0.00673514, totNum = 1
ROUND = 1413, SUM = 324, bChange = 0.00673514, totNum = 1
ROUND = 1414, SUM = 324, bChange = 0.00673515, totNum = 1
ROUND = 1415, SUM = 324, bChange = 0.00673515, totNum = 1
ROUND = 1416, SUM = 324, bChange = 0.00673515, totNum = 1
ROUND = 1417, SUM = 324, bChange = 0.00673515, totNum = 1
ROUND = 1418, SUM = 324, bChange = 0.00673516, totNum = 1
ROUND = 1419, SUM = 324, bChange = 0.00673516, totNum = 1
ROUND = 1420, SUM = 324, bChange = 0.00673516, totNum = 1
ROUND = 1421, SUM = 324, bChange = 0.00673517, totNum = 1
ROUND = 1422, SUM = 324, bChange = 0.00673517, totNum = 1
ROUND = 1423, SUM = 324, bChange = 0.00673517, totNum = 1
ROUND = 1424, SUM = 324, bChange = 0.00673518, totNum = 1
ROUND = 1425, SUM = 324, bChange = 0.00673518, totNum = 1
ROUND = 1426, SUM = 324, bChange = 0.00673518, totNum = 1
ROUND = 1427, SUM = 324, bChange = 0.00673519, totNum = 1
ROUND = 1428, SUM = 324, bChange = 0.00673519, totNum = 1
ROUND = 1429, SUM = 324, bChange = 0.00673519, totNum = 1
ROUND = 1430, SUM = 324, bChange = 0.00673519, totNum = 1
ROUND = 1431, SUM = 324, bChange = 0.0067352, totNum = 1
ROUND = 1432, SUM = 324, bChange = 0.0067352, totNum = 1
ROUND = 1433, SUM = 324, bChange = 0.0067352, totNum = 1
ROUND = 1434, SUM = 324, bChange = 0.00673521, totNum = 1
ROUND = 1435, SUM = 324, bChange = 0.00673521, totNum = 1
ROUND = 1436, SUM = 324, bChange = 0.00673521, totNum = 1
ROUND = 1437, SUM = 324, bChange = 0.00673521, totNum = 1
ROUND = 1438, SUM = 324, bChange = 0.00673522, totNum = 1
ROUND = 1439, SUM = 324, bChange = 0.00673522, totNum = 1
ROUND = 1440, SUM = 324, bChange = 0.00673522, totNum = 1
ROUND = 1441, SUM = 324, bChange = 0.00673523, totNum = 1
ROUND = 1442, SUM = 324, bChange = 0.00673523, totNum = 1
ROUND = 1443, SUM = 324, bChange = 0.00673523, totNum = 1
ROUND = 1444, SUM = 324, bChange = 0.00673523, totNum = 1
ROUND = 1445, SUM = 324, bChange = 0.00673524, totNum = 1
ROUND = 1446, SUM = 324, bChange = 0.00673524, totNum = 1
ROUND = 1447, SUM = 324, bChange = 0.00673524, totNum = 1
ROUND = 1448, SUM = 324, bChange = 0.00673524, totNum = 1
ROUND = 1449, SUM = 324, bChange = 0.00673525, totNum = 1
ROUND = 1450, SUM = 324, bChange = 0.00673525, totNum = 1
ROUND = 1451, SUM = 324, bChange = 0.00673525, totNum = 1
ROUND = 1452, SUM = 324, bChange = 0.00673525, totNum = 1
ROUND = 1453, SUM = 324, bChange = 0.00673526, totNum = 1
ROUND = 1454, SUM = 324, bChange = 0.00673526, totNum = 1
ROUND = 1455, SUM = 324, bChange = 0.00673526, totNum = 1
ROUND = 1456, SUM = 324, bChange = 0.00673526, totNum = 1
ROUND = 1457, SUM = 324, bChange = 0.00673527, totNum = 1
ROUND = 1458, SUM = 324, bChange = 0.00673527, totNum = 1
ROUND = 1459, SUM = 324, bChange = 0.00673527, totNum = 1
ROUND = 1460, SUM = 324, bChange = 0.00673527, totNum = 1
ROUND = 1461, SUM = 324, bChange = 0.00673528, totNum = 1
ROUND = 1462, SUM = 324, bChange = 0.00673528, totNum = 1
ROUND = 1463, SUM = 324, bChange = 0.00673528, totNum = 1
ROUND = 1464, SUM = 324, bChange = 0.00673528, totNum = 1
ROUND = 1465, SUM = 324, bChange = 0.00673529, totNum = 1
ROUND = 1466, SUM = 324, bChange = 0.00673529, totNum = 1
ROUND = 1467, SUM = 324, bChange = 0.00673529, totNum = 1
ROUND = 1468, SUM = 324, bChange = 0.00673529, totNum = 1
ROUND = 1469, SUM = 324, bChange = 0.0067353, totNum = 1
ROUND = 1470, SUM = 324, bChange = 0.0067353, totNum = 1
ROUND = 1471, SUM = 324, bChange = 0.0067353, totNum = 1
ROUND = 1472, SUM = 324, bChange = 0.0067353, totNum = 1
ROUND = 1473, SUM = 324, bChange = 0.0067353, totNum = 1
ROUND = 1474, SUM = 324, bChange = 0.00673531, totNum = 1
ROUND = 1475, SUM = 324, bChange = 0.00673531, totNum = 1
ROUND = 1476, SUM = 324, bChange = 0.00673531, totNum = 1
ROUND = 1477, SUM = 324, bChange = 0.00673531, totNum = 1
ROUND = 1478, SUM = 324, bChange = 0.00673531, totNum = 1
ROUND = 1479, SUM = 324, bChange = 0.00673532, totNum = 1
ROUND = 1480, SUM = 324, bChange = 0.00673532, totNum = 1
ROUND = 1481, SUM = 324, bChange = 0.00673532, totNum = 1
ROUND = 1482, SUM = 324, bChange = 0.00673532, totNum = 1
ROUND = 1483, SUM = 324, bChange = 0.00673533, totNum = 1
ROUND = 1484, SUM = 324, bChange = 0.00673533, totNum = 1
ROUND = 1485, SUM = 324, bChange = 0.00673533, totNum = 1
ROUND = 1486, SUM = 324, bChange = 0.00673533, totNum = 1
ROUND = 1487, SUM = 324, bChange = 0.00673533, totNum = 1
ROUND = 1488, SUM = 324, bChange = 0.00673534, totNum = 1
ROUND = 1489, SUM = 324, bChange = 0.00673534, totNum = 1
ROUND = 1490, SUM = 324, bChange = 0.00673534, totNum = 1
ROUND = 1491, SUM = 324, bChange = 0.00673534, totNum = 1
ROUND = 1492, SUM = 324, bChange = 0.00673534, totNum = 1
ROUND = 1493, SUM = 324, bChange = 0.00673535, totNum = 1
ROUND = 1494, SUM = 324, bChange = 0.00673535, totNum = 1
ROUND = 1495, SUM = 324, bChange = 0.00673535, totNum = 1
ROUND = 1496, SUM = 324, bChange = 0.00673535, totNum = 1
ROUND = 1497, SUM = 324, bChange = 0.00673535, totNum = 1
ROUND = 1498, SUM = 324, bChange = 0.00673535, totNum = 1
ROUND = 1499, SUM = 324, bChange = 0.00673536, totNum = 1
ROUND = 1500, SUM = 324, bChange = 0.00673536, totNum = 1
ROUND = 1501, SUM = 324, bChange = 0.00673536, totNum = 1
ROUND = 1502, SUM = 324, bChange = 0.00673536, totNum = 1
ROUND = 1503, SUM = 324, bChange = 0.00673536, totNum = 1
ROUND = 1504, SUM = 324, bChange = 0.00673537, totNum = 1
ROUND = 1505, SUM = 324, bChange = 0.00673537, totNum = 1
ROUND = 1506, SUM = 324, bChange = 0.00673537, totNum = 1
ROUND = 1507, SUM = 324, bChange = 0.00673537, totNum = 1
ROUND = 1508, SUM = 324, bChange = 0.00673537, totNum = 1
ROUND = 1509, SUM = 324, bChange = 0.00673537, totNum = 1
ROUND = 1510, SUM = 324, bChange = 0.00673538, totNum = 1
ROUND = 1511, SUM = 324, bChange = 0.00673538, totNum = 1
ROUND = 1512, SUM = 324, bChange = 0.00673538, totNum = 1
ROUND = 1513, SUM = 324, bChange = 0.00673538, totNum = 1
ROUND = 1514, SUM = 324, bChange = 0.00673538, totNum = 1
ROUND = 1515, SUM = 324, bChange = 0.00673538, totNum = 1
ROUND = 1516, SUM = 324, bChange = 0.00673539, totNum = 1
ROUND = 1517, SUM = 324, bChange = 0.00673539, totNum = 1
ROUND = 1518, SUM = 324, bChange = 0.00673539, totNum = 1
ROUND = 1519, SUM = 324, bChange = 0.00673539, totNum = 1
ROUND = 1520, SUM = 324, bChange = 0.00673539, totNum = 1
ROUND = 1521, SUM = 324, bChange = 0.00673539, totNum = 1
ROUND = 1522, SUM = 324, bChange = 0.0067354, totNum = 1
ROUND = 1523, SUM = 324, bChange = 0.0067354, totNum = 1
ROUND = 1524, SUM = 324, bChange = 0.0067354, totNum = 1
ROUND = 1525, SUM = 324, bChange = 0.0067354, totNum = 1
ROUND = 1526, SUM = 324, bChange = 0.0067354, totNum = 1
ROUND = 1527, SUM = 324, bChange = 0.0067354, totNum = 1
ROUND = 1528, SUM = 324, bChange = 0.0067354, totNum = 1
ROUND = 1529, SUM = 324, bChange = 0.00673541, totNum = 1
ROUND = 1530, SUM = 324, bChange = 0.00673541, totNum = 1
ROUND = 1531, SUM = 324, bChange = 2.19051e-07, totNum = 0
Expression Results are written!
Time Used for EM.cpp : 0 h 01 m 02 s

rm -rf /students/2023-2024/Thema11/ltstein_snakemake/materials/RSEM_output/RSEM_expressions/Quant.temp

