Building DAG of jobs...
Using shell: /usr/bin/bash
Provided cores: 1 (use --cores to define parallelism)
Rules claiming more threads will be scaled down.
Job stats:
job               count    min threads    max threads
--------------  -------  -------------  -------------
bwa_map               1              1              1
samtools_index        1              1              1
samtools_sort         1              1              1
total                 3              1              1

Select jobs to execute...

[Fri Feb 16 11:21:58 2024]
rule bwa_map:
    input: resources/genome.fa, resources/samples/A.fastq
    output: mapped_reads/A.bam
    jobid: 2
    reason: Missing output files: mapped_reads/A.bam
    wildcards: sample=A
    resources: tmpdir=/tmp

[Fri Feb 16 11:21:59 2024]
Finished job 2.
1 of 3 steps (33%) done
Select jobs to execute...

[Fri Feb 16 11:21:59 2024]
rule samtools_sort:
    input: mapped_reads/A.bam
    output: sorted_reads/A.bam
    jobid: 1
    reason: Missing output files: sorted_reads/A.bam; Input files updated by another job: mapped_reads/A.bam
    wildcards: sample=A
    resources: tmpdir=/tmp

[Fri Feb 16 11:21:59 2024]
Finished job 1.
2 of 3 steps (67%) done
Select jobs to execute...

[Fri Feb 16 11:21:59 2024]
rule samtools_index:
    input: sorted_reads/A.bam
    output: sorted_reads/A.bam.bai
    jobid: 0
    reason: Missing output files: sorted_reads/A.bam.bai; Input files updated by another job: sorted_reads/A.bam
    wildcards: sample=A
    resources: tmpdir=/tmp

[Fri Feb 16 11:21:59 2024]
Finished job 0.
3 of 3 steps (100%) done
Complete log: .snakemake/log/2024-02-16T112157.406756.snakemake.log
