Building DAG of jobs...
Using shell: /usr/bin/bash
Provided cores: 1 (use --cores to define parallelism)
Rules claiming more threads will be scaled down.
Job stats:
job               count    min threads    max threads
--------------  -------  -------------  -------------
bcftools_call         1              1              1
bwa_map               1              1              1
samtools_index        3              1              1
samtools_sort         3              1              1
total                 8              1              1

Select jobs to execute...

[Fri Feb 16 11:30:39 2024]
rule bwa_map:
    input: resources/genome.fa, resources/samples/C.fastq
    output: mapped_reads/C.bam
    jobid: 6
    reason: Missing output files: mapped_reads/C.bam
    wildcards: samples=C
    resources: tmpdir=/tmp

[Fri Feb 16 11:30:41 2024]
Finished job 6.
1 of 8 steps (12%) done
Select jobs to execute...

[Fri Feb 16 11:30:41 2024]
rule samtools_sort:
    input: mapped_reads/C.bam
    output: sorted_reads/C.bam
    jobid: 5
    reason: Missing output files: sorted_reads/C.bam; Input files updated by another job: mapped_reads/C.bam
    wildcards: samples=C
    resources: tmpdir=/tmp

[Fri Feb 16 11:30:41 2024]
Finished job 5.
2 of 8 steps (25%) done
Select jobs to execute...

[Fri Feb 16 11:30:41 2024]
rule samtools_index:
    input: sorted_reads/C.bam
    output: sorted_reads/C.bam.bai
    jobid: 9
    reason: Missing output files: sorted_reads/C.bam.bai; Input files updated by another job: sorted_reads/C.bam
    wildcards: samples=C
    resources: tmpdir=/tmp

[Fri Feb 16 11:30:41 2024]
Finished job 9.
3 of 8 steps (38%) done
Select jobs to execute...

[Fri Feb 16 11:30:41 2024]
rule samtools_sort:
    input: mapped_reads/A.bam
    output: sorted_reads/A.bam
    jobid: 1
    reason: Code has changed since last execution
    wildcards: samples=A
    resources: tmpdir=/tmp

[Fri Feb 16 11:30:41 2024]
Finished job 1.
4 of 8 steps (50%) done
Select jobs to execute...

[Fri Feb 16 11:30:41 2024]
rule samtools_index:
    input: sorted_reads/A.bam
    output: sorted_reads/A.bam.bai
    jobid: 7
    reason: Input files updated by another job: sorted_reads/A.bam
    wildcards: samples=A
    resources: tmpdir=/tmp

[Fri Feb 16 11:30:42 2024]
Finished job 7.
5 of 8 steps (62%) done
Select jobs to execute...

[Fri Feb 16 11:30:42 2024]
rule samtools_sort:
    input: mapped_reads/B.bam
    output: sorted_reads/B.bam
    jobid: 3
    reason: Code has changed since last execution
    wildcards: samples=B
    resources: tmpdir=/tmp

[Fri Feb 16 11:30:42 2024]
Finished job 3.
6 of 8 steps (75%) done
Select jobs to execute...

[Fri Feb 16 11:30:42 2024]
rule samtools_index:
    input: sorted_reads/B.bam
    output: sorted_reads/B.bam.bai
    jobid: 8
    reason: Missing output files: sorted_reads/B.bam.bai; Input files updated by another job: sorted_reads/B.bam
    wildcards: samples=B
    resources: tmpdir=/tmp

[Fri Feb 16 11:30:42 2024]
Finished job 8.
7 of 8 steps (88%) done
Select jobs to execute...

[Fri Feb 16 11:30:42 2024]
rule bcftools_call:
    input: resources/genome.fa, sorted_reads/A.bam, sorted_reads/B.bam, sorted_reads/C.bam, sorted_reads/A.bam.bai, sorted_reads/B.bam.bai, sorted_reads/C.bam.bai
    output: calls/all.vcf
    jobid: 0
    reason: Input files updated by another job: sorted_reads/C.bam.bai, sorted_reads/A.bam.bai, sorted_reads/C.bam, sorted_reads/B.bam, sorted_reads/B.bam.bai, sorted_reads/A.bam
    resources: tmpdir=/tmp

[Fri Feb 16 11:30:42 2024]
Finished job 0.
8 of 8 steps (100%) done
Complete log: .snakemake/log/2024-02-16T113038.733067.snakemake.log
