Building DAG of jobs...
Using shell: /usr/bin/bash
Provided cores: 1 (use --cores to define parallelism)
Rules claiming more threads will be scaled down.
Job stats:
job              count    min threads    max threads
-------------  -------  -------------  -------------
bwa_map              1              1              1
samtools_sort        1              1              1
total                2              1              1

Select jobs to execute...

[Fri Feb 16 11:17:41 2024]
rule bwa_map:
    input: resources/genome.fa, resources/samples/B.fastq
    output: mapped_reads/B.bam
    jobid: 1
    reason: Missing output files: mapped_reads/B.bam
    wildcards: sample=B
    resources: tmpdir=/tmp

[Fri Feb 16 11:17:42 2024]
Finished job 1.
1 of 2 steps (50%) done
Select jobs to execute...

[Fri Feb 16 11:17:42 2024]
rule samtools_sort:
    input: mapped_reads/B.bam
    output: sorted_reads/B.bam
    jobid: 0
    reason: Missing output files: sorted_reads/B.bam; Input files updated by another job: mapped_reads/B.bam
    wildcards: sample=B
    resources: tmpdir=/tmp

[Fri Feb 16 11:17:42 2024]
Finished job 0.
2 of 2 steps (100%) done
Complete log: .snakemake/log/2024-02-16T111740.169288.snakemake.log
